This file contains any messages produced by compilers while
running configure, to aid debugging if configure makes a mistake.

It was created by StarDict lib configure 3.0.5, which was
generated by GNU Autoconf 2.69.  Invocation command line was

  $ ./configure --disable-option-checking --prefix=/usr/local --disable-spell --disable-gucharmap --disable-festival --disable-espeak --cache-file=/dev/null --srcdir=.

## --------- ##
## Platform. ##
## --------- ##

hostname = vvasukigd1.sbo.corp.google.com
uname -m = x86_64
uname -r = 3.13.0-39-generic
uname -s = Linux
uname -v = #66-Ubuntu SMP Tue Oct 28 13:30:27 UTC 2014

/usr/bin/uname -p = unknown
/bin/uname -X     = unknown

/bin/arch              = unknown
/usr/bin/arch -k       = unknown
/usr/convex/getsysinfo = unknown
/usr/bin/hostinfo      = unknown
/bin/machine           = unknown
/usr/bin/oslevel       = unknown
/bin/universe          = unknown

PATH: /usr/local/google/home/vvasuki/bin
PATH: /google/data/ro/teams/mobile_eng_prod/android_sdk_linux/platform-tools
PATH: /usr/lib/google-golang/bin
PATH: /usr/local/buildtools/java/jdk/bin
PATH: /usr/local/sbin
PATH: /usr/local/bin
PATH: /usr/sbin
PATH: /usr/bin
PATH: /sbin
PATH: /bin


## ----------- ##
## Core tests. ##
## ----------- ##

configure:2407: checking for a BSD-compatible install
configure:2475: result: /usr/bin/install -c
configure:2486: checking whether build environment is sane
configure:2541: result: yes
configure:2692: checking for a thread-safe mkdir -p
configure:2731: result: /bin/mkdir -p
configure:2738: checking for gawk
configure:2754: found /usr/bin/gawk
configure:2765: result: gawk
configure:2776: checking whether make sets $(MAKE)
configure:2798: result: yes
configure:2827: checking whether make supports nested variables
configure:2844: result: yes
configure:2933: checking whether UID '168380' is supported by ustar format
configure:2936: result: yes
configure:2943: checking whether GID '5000' is supported by ustar format
configure:2946: result: yes
configure:2954: checking how to create a ustar tar archive
configure:2965: tar --version
tar (GNU tar) 1.27.1
Copyright (C) 2013 Free Software Foundation, Inc.
License GPLv3+: GNU GPL version 3 or later <http://gnu.org/licenses/gpl.html>.
This is free software: you are free to change and redistribute it.
There is NO WARRANTY, to the extent permitted by law.

Written by John Gilmore and Jay Fenlason.
configure:2968: $? = 0
configure:3008: tardir=conftest.dir && eval tar --format=ustar -chf - "$tardir" >conftest.tar
configure:3011: $? = 0
configure:3015: tar -xf - <conftest.tar
configure:3018: $? = 0
configure:3020: cat conftest.dir/file
GrepMe
configure:3023: $? = 0
configure:3036: result: gnutar
configure:3078: checking build system type
configure:3092: result: x86_64-unknown-linux-gnu
configure:3112: checking host system type
configure:3125: result: x86_64-unknown-linux-gnu
configure:3166: checking how to print strings
configure:3193: result: printf
configure:3226: checking for style of include used by make
configure:3254: result: GNU
configure:3325: checking for gcc
configure:3341: found /usr/bin/gcc
configure:3352: result: gcc
configure:3581: checking for C compiler version
configure:3590: gcc --version >&5
gcc (Ubuntu 4.8.2-19ubuntu1) 4.8.2
Copyright (C) 2013 Free Software Foundation, Inc.
This is free software; see the source for copying conditions.  There is NO
warranty; not even for MERCHANTABILITY or FITNESS FOR A PARTICULAR PURPOSE.

configure:3601: $? = 0
configure:3590: gcc -v >&5
Using built-in specs.
COLLECT_GCC=gcc
COLLECT_LTO_WRAPPER=/usr/lib/gcc/x86_64-linux-gnu/4.8/lto-wrapper
Target: x86_64-linux-gnu
Configured with: ../src/configure -v --with-pkgversion='Ubuntu 4.8.2-19ubuntu1' --with-bugurl=file:///usr/share/doc/gcc-4.8/README.Bugs --enable-languages=c,c++,java,go,d,fortran,objc,obj-c++ --prefix=/usr --program-suffix=-4.8 --enable-shared --enable-linker-build-id --libexecdir=/usr/lib --without-included-gettext --enable-threads=posix --with-gxx-include-dir=/usr/include/c++/4.8 --libdir=/usr/lib --enable-nls --with-sysroot=/ --enable-clocale=gnu --enable-libstdcxx-debug --enable-libstdcxx-time=yes --enable-gnu-unique-object --disable-libmudflap --enable-plugin --with-system-zlib --disable-browser-plugin --enable-java-awt=gtk --enable-gtk-cairo --with-java-home=/usr/lib/jvm/java-1.5.0-gcj-4.8-amd64/jre --enable-java-home --with-jvm-root-dir=/usr/lib/jvm/java-1.5.0-gcj-4.8-amd64 --with-jvm-jar-dir=/usr/lib/jvm-exports/java-1.5.0-gcj-4.8-amd64 --with-arch-directory=amd64 --with-ecj-jar=/usr/share/java/eclipse-ecj.jar --enable-objc-gc --enable-multiarch --disable-werror --with-arch-32=i686 --with-abi=m64 --with-multilib-list=m32,m64,mx32 --with-tune=generic --enable-checking=release --build=x86_64-linux-gnu --host=x86_64-linux-gnu --target=x86_64-linux-gnu
Thread model: posix
gcc version 4.8.2 (Ubuntu 4.8.2-19ubuntu1) 
configure:3601: $? = 0
configure:3590: gcc -V >&5
gcc: error: unrecognized command line option '-V'
gcc: fatal error: no input files
compilation terminated.
configure:3601: $? = 4
configure:3590: gcc -qversion >&5
gcc: error: unrecognized command line option '-qversion'
gcc: fatal error: no input files
compilation terminated.
configure:3601: $? = 4
configure:3621: checking whether the C compiler works
configure:3643: gcc    conftest.c  >&5
configure:3647: $? = 0
configure:3695: result: yes
configure:3698: checking for C compiler default output file name
configure:3700: result: a.out
configure:3706: checking for suffix of executables
configure:3713: gcc -o conftest    conftest.c  >&5
configure:3717: $? = 0
configure:3739: result: 
configure:3761: checking whether we are cross compiling
configure:3769: gcc -o conftest    conftest.c  >&5
configure:3773: $? = 0
configure:3780: ./conftest
configure:3784: $? = 0
configure:3799: result: no
configure:3804: checking for suffix of object files
configure:3826: gcc -c   conftest.c >&5
configure:3830: $? = 0
configure:3851: result: o
configure:3855: checking whether we are using the GNU C compiler
configure:3874: gcc -c   conftest.c >&5
configure:3874: $? = 0
configure:3883: result: yes
configure:3892: checking whether gcc accepts -g
configure:3912: gcc -c -g  conftest.c >&5
configure:3912: $? = 0
configure:3953: result: yes
configure:3970: checking for gcc option to accept ISO C89
configure:4033: gcc  -c -g -O2  conftest.c >&5
configure:4033: $? = 0
configure:4046: result: none needed
configure:4068: checking dependency style of gcc
configure:4179: result: gcc3
configure:4194: checking for a sed that does not truncate output
configure:4258: result: /bin/sed
configure:4276: checking for grep that handles long lines and -e
configure:4334: result: /bin/grep
configure:4339: checking for egrep
configure:4401: result: /bin/grep -E
configure:4406: checking for fgrep
configure:4468: result: /bin/grep -F
configure:4503: checking for ld used by gcc
configure:4570: result: /usr/bin/ld
configure:4577: checking if the linker (/usr/bin/ld) is GNU ld
configure:4592: result: yes
configure:4604: checking for BSD- or MS-compatible name lister (nm)
configure:4653: result: /usr/bin/nm -B
configure:4783: checking the name lister (/usr/bin/nm -B) interface
configure:4790: gcc -c -g -O2  conftest.c >&5
configure:4793: /usr/bin/nm -B "conftest.o"
configure:4796: output
0000000000000000 B some_variable
configure:4803: result: BSD nm
configure:4806: checking whether ln -s works
configure:4810: result: yes
configure:4818: checking the maximum length of command line arguments
configure:4948: result: 1572864
configure:4965: checking whether the shell understands some XSI constructs
configure:4975: result: yes
configure:4979: checking whether the shell understands "+="
configure:4985: result: yes
configure:5020: checking how to convert x86_64-unknown-linux-gnu file names to x86_64-unknown-linux-gnu format
configure:5060: result: func_convert_file_noop
configure:5067: checking how to convert x86_64-unknown-linux-gnu file names to toolchain format
configure:5087: result: func_convert_file_noop
configure:5094: checking for /usr/bin/ld option to reload object files
configure:5101: result: -r
configure:5175: checking for objdump
configure:5191: found /usr/bin/objdump
configure:5202: result: objdump
configure:5234: checking how to recognize dependent libraries
configure:5436: result: pass_all
configure:5521: checking for dlltool
configure:5551: result: no
configure:5581: checking how to associate runtime and link libraries
configure:5608: result: printf %s\n
configure:5669: checking for ar
configure:5685: found /usr/bin/ar
configure:5696: result: ar
configure:5733: checking for archiver @FILE support
configure:5750: gcc -c -g -O2  conftest.c >&5
configure:5750: $? = 0
configure:5753: ar cru libconftest.a @conftest.lst >&5
configure:5756: $? = 0
configure:5761: ar cru libconftest.a @conftest.lst >&5
ar: conftest.o: No such file or directory
configure:5764: $? = 1
configure:5776: result: @
configure:5834: checking for strip
configure:5850: found /usr/bin/strip
configure:5861: result: strip
configure:5933: checking for ranlib
configure:5949: found /usr/bin/ranlib
configure:5960: result: ranlib
configure:6062: checking command to parse /usr/bin/nm -B output from gcc object
configure:6182: gcc -c -g -O2  conftest.c >&5
configure:6185: $? = 0
configure:6189: /usr/bin/nm -B conftest.o \| sed -n -e 's/^.*[ ]\([ABCDGIRSTW][ABCDGIRSTW]*\)[ ][ ]*\([_A-Za-z][_A-Za-z0-9]*\)$/\1 \2 \2/p' | sed '/ __gnu_lto/d' \> conftest.nm
configure:6192: $? = 0
configure:6258: gcc -o conftest -g -O2   conftest.c conftstm.o >&5
configure:6261: $? = 0
configure:6299: result: ok
configure:6336: checking for sysroot
configure:6366: result: no
configure:6443: gcc -c -g -O2  conftest.c >&5
configure:6446: $? = 0
configure:6628: checking for mt
configure:6644: found /bin/mt
configure:6655: result: mt
configure:6678: checking if mt is a manifest tool
configure:6684: mt '-?'
configure:6692: result: no
configure:7334: checking how to run the C preprocessor
configure:7365: gcc -E  conftest.c
configure:7365: $? = 0
configure:7379: gcc -E  conftest.c
conftest.c:11:28: fatal error: ac_nonexistent.h: No such file or directory
 #include <ac_nonexistent.h>
                            ^
compilation terminated.
configure:7379: $? = 1
configure: failed program was:
| /* confdefs.h */
| #define PACKAGE_NAME "StarDict lib"
| #define PACKAGE_TARNAME "stardict-lib"
| #define PACKAGE_VERSION "3.0.5"
| #define PACKAGE_STRING "StarDict lib 3.0.5"
| #define PACKAGE_BUGREPORT "http://www.stardict.org"
| #define PACKAGE_URL ""
| #define PACKAGE "stardict-lib"
| #define VERSION "3.0.5"
| /* end confdefs.h.  */
| #include <ac_nonexistent.h>
configure:7404: result: gcc -E
configure:7424: gcc -E  conftest.c
configure:7424: $? = 0
configure:7438: gcc -E  conftest.c
conftest.c:11:28: fatal error: ac_nonexistent.h: No such file or directory
 #include <ac_nonexistent.h>
                            ^
compilation terminated.
configure:7438: $? = 1
configure: failed program was:
| /* confdefs.h */
| #define PACKAGE_NAME "StarDict lib"
| #define PACKAGE_TARNAME "stardict-lib"
| #define PACKAGE_VERSION "3.0.5"
| #define PACKAGE_STRING "StarDict lib 3.0.5"
| #define PACKAGE_BUGREPORT "http://www.stardict.org"
| #define PACKAGE_URL ""
| #define PACKAGE "stardict-lib"
| #define VERSION "3.0.5"
| /* end confdefs.h.  */
| #include <ac_nonexistent.h>
configure:7467: checking for ANSI C header files
configure:7487: gcc -c -g -O2  conftest.c >&5
configure:7487: $? = 0
configure:7560: gcc -o conftest -g -O2   conftest.c  >&5
configure:7560: $? = 0
configure:7560: ./conftest
configure:7560: $? = 0
configure:7571: result: yes
configure:7584: checking for sys/types.h
configure:7584: gcc -c -g -O2  conftest.c >&5
configure:7584: $? = 0
configure:7584: result: yes
configure:7584: checking for sys/stat.h
configure:7584: gcc -c -g -O2  conftest.c >&5
configure:7584: $? = 0
configure:7584: result: yes
configure:7584: checking for stdlib.h
configure:7584: gcc -c -g -O2  conftest.c >&5
configure:7584: $? = 0
configure:7584: result: yes
configure:7584: checking for string.h
configure:7584: gcc -c -g -O2  conftest.c >&5
configure:7584: $? = 0
configure:7584: result: yes
configure:7584: checking for memory.h
configure:7584: gcc -c -g -O2  conftest.c >&5
configure:7584: $? = 0
configure:7584: result: yes
configure:7584: checking for strings.h
configure:7584: gcc -c -g -O2  conftest.c >&5
configure:7584: $? = 0
configure:7584: result: yes
configure:7584: checking for inttypes.h
configure:7584: gcc -c -g -O2  conftest.c >&5
configure:7584: $? = 0
configure:7584: result: yes
configure:7584: checking for stdint.h
configure:7584: gcc -c -g -O2  conftest.c >&5
configure:7584: $? = 0
configure:7584: result: yes
configure:7584: checking for unistd.h
configure:7584: gcc -c -g -O2  conftest.c >&5
configure:7584: $? = 0
configure:7584: result: yes
configure:7598: checking for dlfcn.h
configure:7598: gcc -c -g -O2  conftest.c >&5
configure:7598: $? = 0
configure:7598: result: yes
configure:7804: checking for objdir
configure:7819: result: .libs
configure:8090: checking if gcc supports -fno-rtti -fno-exceptions
configure:8108: gcc -c -g -O2  -fno-rtti -fno-exceptions conftest.c >&5
cc1: warning: command line option '-fno-rtti' is valid for C++/ObjC++ but not for C [enabled by default]
configure:8112: $? = 0
configure:8125: result: no
configure:8452: checking for gcc option to produce PIC
configure:8459: result: -fPIC -DPIC
configure:8467: checking if gcc PIC flag -fPIC -DPIC works
configure:8485: gcc -c -g -O2  -fPIC -DPIC -DPIC conftest.c >&5
configure:8489: $? = 0
configure:8502: result: yes
configure:8531: checking if gcc static flag -static works
configure:8559: result: yes
configure:8574: checking if gcc supports -c -o file.o
configure:8595: gcc -c -g -O2  -o out/conftest2.o conftest.c >&5
configure:8599: $? = 0
configure:8621: result: yes
configure:8629: checking if gcc supports -c -o file.o
configure:8676: result: yes
configure:8709: checking whether the gcc linker (/usr/bin/ld -m elf_x86_64) supports shared libraries
configure:9862: result: yes
configure:9899: checking whether -lc should be explicitly linked in
configure:9907: gcc -c -g -O2  conftest.c >&5
configure:9910: $? = 0
configure:9925: gcc -shared  -fPIC -DPIC conftest.o  -v -Wl,-soname -Wl,conftest -o conftest 2\>\&1 \| /bin/grep  -lc  \>/dev/null 2\>\&1
configure:9928: $? = 0
configure:9942: result: no
configure:10102: checking dynamic linker characteristics
configure:10613: gcc -o conftest -g -O2   -Wl,-rpath -Wl,/foo conftest.c  >&5
configure:10613: $? = 0
configure:10839: result: GNU/Linux ld.so
configure:10946: checking how to hardcode library paths into programs
configure:10971: result: immediate
configure:11511: checking whether stripping libraries is possible
configure:11516: result: yes
configure:11551: checking if libtool supports shared libraries
configure:11553: result: yes
configure:11556: checking whether to build shared libraries
configure:11577: result: yes
configure:11580: checking whether to build static libraries
configure:11584: result: yes
configure:11671: checking for gcc
configure:11698: result: gcc
configure:11927: checking for C compiler version
configure:11936: gcc --version >&5
gcc (Ubuntu 4.8.2-19ubuntu1) 4.8.2
Copyright (C) 2013 Free Software Foundation, Inc.
This is free software; see the source for copying conditions.  There is NO
warranty; not even for MERCHANTABILITY or FITNESS FOR A PARTICULAR PURPOSE.

configure:11947: $? = 0
configure:11936: gcc -v >&5
Using built-in specs.
COLLECT_GCC=gcc
COLLECT_LTO_WRAPPER=/usr/lib/gcc/x86_64-linux-gnu/4.8/lto-wrapper
Target: x86_64-linux-gnu
Configured with: ../src/configure -v --with-pkgversion='Ubuntu 4.8.2-19ubuntu1' --with-bugurl=file:///usr/share/doc/gcc-4.8/README.Bugs --enable-languages=c,c++,java,go,d,fortran,objc,obj-c++ --prefix=/usr --program-suffix=-4.8 --enable-shared --enable-linker-build-id --libexecdir=/usr/lib --without-included-gettext --enable-threads=posix --with-gxx-include-dir=/usr/include/c++/4.8 --libdir=/usr/lib --enable-nls --with-sysroot=/ --enable-clocale=gnu --enable-libstdcxx-debug --enable-libstdcxx-time=yes --enable-gnu-unique-object --disable-libmudflap --enable-plugin --with-system-zlib --disable-browser-plugin --enable-java-awt=gtk --enable-gtk-cairo --with-java-home=/usr/lib/jvm/java-1.5.0-gcj-4.8-amd64/jre --enable-java-home --with-jvm-root-dir=/usr/lib/jvm/java-1.5.0-gcj-4.8-amd64 --with-jvm-jar-dir=/usr/lib/jvm-exports/java-1.5.0-gcj-4.8-amd64 --with-arch-directory=amd64 --with-ecj-jar=/usr/share/java/eclipse-ecj.jar --enable-objc-gc --enable-multiarch --disable-werror --with-arch-32=i686 --with-abi=m64 --with-multilib-list=m32,m64,mx32 --with-tune=generic --enable-checking=release --build=x86_64-linux-gnu --host=x86_64-linux-gnu --target=x86_64-linux-gnu
Thread model: posix
gcc version 4.8.2 (Ubuntu 4.8.2-19ubuntu1) 
configure:11947: $? = 0
configure:11936: gcc -V >&5
gcc: error: unrecognized command line option '-V'
gcc: fatal error: no input files
compilation terminated.
configure:11947: $? = 4
configure:11936: gcc -qversion >&5
gcc: error: unrecognized command line option '-qversion'
gcc: fatal error: no input files
compilation terminated.
configure:11947: $? = 4
configure:11951: checking whether we are using the GNU C compiler
configure:11979: result: yes
configure:11988: checking whether gcc accepts -g
configure:12049: result: yes
configure:12066: checking for gcc option to accept ISO C89
configure:12142: result: none needed
configure:12164: checking dependency style of gcc
configure:12275: result: gcc3
configure:12348: checking for g++
configure:12364: found /usr/bin/g++
configure:12375: result: g++
configure:12402: checking for C++ compiler version
configure:12411: g++ --version >&5
g++ (Ubuntu 4.8.2-19ubuntu1) 4.8.2
Copyright (C) 2013 Free Software Foundation, Inc.
This is free software; see the source for copying conditions.  There is NO
warranty; not even for MERCHANTABILITY or FITNESS FOR A PARTICULAR PURPOSE.

configure:12422: $? = 0
configure:12411: g++ -v >&5
Using built-in specs.
COLLECT_GCC=g++
COLLECT_LTO_WRAPPER=/usr/lib/gcc/x86_64-linux-gnu/4.8/lto-wrapper
Target: x86_64-linux-gnu
Configured with: ../src/configure -v --with-pkgversion='Ubuntu 4.8.2-19ubuntu1' --with-bugurl=file:///usr/share/doc/gcc-4.8/README.Bugs --enable-languages=c,c++,java,go,d,fortran,objc,obj-c++ --prefix=/usr --program-suffix=-4.8 --enable-shared --enable-linker-build-id --libexecdir=/usr/lib --without-included-gettext --enable-threads=posix --with-gxx-include-dir=/usr/include/c++/4.8 --libdir=/usr/lib --enable-nls --with-sysroot=/ --enable-clocale=gnu --enable-libstdcxx-debug --enable-libstdcxx-time=yes --enable-gnu-unique-object --disable-libmudflap --enable-plugin --with-system-zlib --disable-browser-plugin --enable-java-awt=gtk --enable-gtk-cairo --with-java-home=/usr/lib/jvm/java-1.5.0-gcj-4.8-amd64/jre --enable-java-home --with-jvm-root-dir=/usr/lib/jvm/java-1.5.0-gcj-4.8-amd64 --with-jvm-jar-dir=/usr/lib/jvm-exports/java-1.5.0-gcj-4.8-amd64 --with-arch-directory=amd64 --with-ecj-jar=/usr/share/java/eclipse-ecj.jar --enable-objc-gc --enable-multiarch --disable-werror --with-arch-32=i686 --with-abi=m64 --with-multilib-list=m32,m64,mx32 --with-tune=generic --enable-checking=release --build=x86_64-linux-gnu --host=x86_64-linux-gnu --target=x86_64-linux-gnu
Thread model: posix
gcc version 4.8.2 (Ubuntu 4.8.2-19ubuntu1) 
configure:12422: $? = 0
configure:12411: g++ -V >&5
g++: error: unrecognized command line option '-V'
g++: fatal error: no input files
compilation terminated.
configure:12422: $? = 4
configure:12411: g++ -qversion >&5
g++: error: unrecognized command line option '-qversion'
g++: fatal error: no input files
compilation terminated.
configure:12422: $? = 4
configure:12426: checking whether we are using the GNU C++ compiler
configure:12445: g++ -c   conftest.cpp >&5
configure:12445: $? = 0
configure:12454: result: yes
configure:12463: checking whether g++ accepts -g
configure:12483: g++ -c -g  conftest.cpp >&5
configure:12483: $? = 0
configure:12524: result: yes
configure:12549: checking dependency style of g++
configure:12660: result: gcc3
configure:12693: checking how to run the C++ preprocessor
configure:12720: g++ -E  conftest.cpp
configure:12720: $? = 0
configure:12734: g++ -E  conftest.cpp
conftest.cpp:23:28: fatal error: ac_nonexistent.h: No such file or directory
 #include <ac_nonexistent.h>
                            ^
compilation terminated.
configure:12734: $? = 1
configure: failed program was:
| /* confdefs.h */
| #define PACKAGE_NAME "StarDict lib"
| #define PACKAGE_TARNAME "stardict-lib"
| #define PACKAGE_VERSION "3.0.5"
| #define PACKAGE_STRING "StarDict lib 3.0.5"
| #define PACKAGE_BUGREPORT "http://www.stardict.org"
| #define PACKAGE_URL ""
| #define PACKAGE "stardict-lib"
| #define VERSION "3.0.5"
| #define STDC_HEADERS 1
| #define HAVE_SYS_TYPES_H 1
| #define HAVE_SYS_STAT_H 1
| #define HAVE_STDLIB_H 1
| #define HAVE_STRING_H 1
| #define HAVE_MEMORY_H 1
| #define HAVE_STRINGS_H 1
| #define HAVE_INTTYPES_H 1
| #define HAVE_STDINT_H 1
| #define HAVE_UNISTD_H 1
| #define HAVE_DLFCN_H 1
| #define LT_OBJDIR ".libs/"
| /* end confdefs.h.  */
| #include <ac_nonexistent.h>
configure:12759: result: g++ -E
configure:12779: g++ -E  conftest.cpp
configure:12779: $? = 0
configure:12793: g++ -E  conftest.cpp
conftest.cpp:23:28: fatal error: ac_nonexistent.h: No such file or directory
 #include <ac_nonexistent.h>
                            ^
compilation terminated.
configure:12793: $? = 1
configure: failed program was:
| /* confdefs.h */
| #define PACKAGE_NAME "StarDict lib"
| #define PACKAGE_TARNAME "stardict-lib"
| #define PACKAGE_VERSION "3.0.5"
| #define PACKAGE_STRING "StarDict lib 3.0.5"
| #define PACKAGE_BUGREPORT "http://www.stardict.org"
| #define PACKAGE_URL ""
| #define PACKAGE "stardict-lib"
| #define VERSION "3.0.5"
| #define STDC_HEADERS 1
| #define HAVE_SYS_TYPES_H 1
| #define HAVE_SYS_STAT_H 1
| #define HAVE_STDLIB_H 1
| #define HAVE_STRING_H 1
| #define HAVE_MEMORY_H 1
| #define HAVE_STRINGS_H 1
| #define HAVE_INTTYPES_H 1
| #define HAVE_STDINT_H 1
| #define HAVE_UNISTD_H 1
| #define HAVE_DLFCN_H 1
| #define LT_OBJDIR ".libs/"
| /* end confdefs.h.  */
| #include <ac_nonexistent.h>
configure:12962: checking for ld used by g++
configure:13029: result: /usr/bin/ld -m elf_x86_64
configure:13036: checking if the linker (/usr/bin/ld -m elf_x86_64) is GNU ld
configure:13051: result: yes
configure:13106: checking whether the g++ linker (/usr/bin/ld -m elf_x86_64) supports shared libraries
configure:14111: result: yes
configure:14147: g++ -c -g -O2  conftest.cpp >&5
configure:14150: $? = 0
configure:14670: checking for g++ option to produce PIC
configure:14677: result: -fPIC -DPIC
configure:14685: checking if g++ PIC flag -fPIC -DPIC works
configure:14703: g++ -c -g -O2  -fPIC -DPIC -DPIC conftest.cpp >&5
configure:14707: $? = 0
configure:14720: result: yes
configure:14743: checking if g++ static flag -static works
configure:14771: result: yes
configure:14783: checking if g++ supports -c -o file.o
configure:14804: g++ -c -g -O2  -o out/conftest2.o conftest.cpp >&5
configure:14808: $? = 0
configure:14830: result: yes
configure:14835: checking if g++ supports -c -o file.o
configure:14882: result: yes
configure:14912: checking whether the g++ linker (/usr/bin/ld -m elf_x86_64) supports shared libraries
configure:14948: result: yes
configure:15089: checking dynamic linker characteristics
configure:15760: result: GNU/Linux ld.so
configure:15813: checking how to hardcode library paths into programs
configure:15838: result: immediate
configure:15883: checking for ANSI C header files
configure:15987: result: yes
configure:15997: checking for stdlib.h
configure:15997: result: yes
configure:16066: checking for pkg-config
configure:16084: found /usr/bin/pkg-config
configure:16096: result: /usr/bin/pkg-config
configure:16121: checking pkg-config is at least version 0.9.0
configure:16124: result: yes
configure:16134: checking for STARDICT
configure:16141: $PKG_CONFIG --exists --print-errors "$DEP_MODULES"
configure:16144: $? = 0
configure:16158: $PKG_CONFIG --exists --print-errors "$DEP_MODULES"
configure:16161: $? = 0
configure:16219: result: yes
configure:16350: checking that generated files are newer than configure
configure:16356: result: done
configure:16387: creating ./config.status

## ---------------------- ##
## Running config.status. ##
## ---------------------- ##

This file was extended by StarDict lib config.status 3.0.5, which was
generated by GNU Autoconf 2.69.  Invocation command line was

  CONFIG_FILES    = 
  CONFIG_HEADERS  = 
  CONFIG_LINKS    = 
  CONFIG_COMMANDS = 
  $ ./config.status 

on vvasukigd1.sbo.corp.google.com

config.status:1154: creating Makefile
config.status:1154: creating src/Makefile
config.status:1154: creating config.h
config.status:1335: config.h is unchanged
config.status:1383: executing depfiles commands
config.status:1383: executing libtool commands

## ---------------- ##
## Cache variables. ##
## ---------------- ##

ac_cv_build=x86_64-unknown-linux-gnu
ac_cv_c_compiler_gnu=yes
ac_cv_cxx_compiler_gnu=yes
ac_cv_env_CCC_set=
ac_cv_env_CCC_value=
ac_cv_env_CC_set=
ac_cv_env_CC_value=
ac_cv_env_CFLAGS_set=
ac_cv_env_CFLAGS_value=
ac_cv_env_CPPFLAGS_set=
ac_cv_env_CPPFLAGS_value=
ac_cv_env_CPP_set=
ac_cv_env_CPP_value=
ac_cv_env_CXXCPP_set=
ac_cv_env_CXXCPP_value=
ac_cv_env_CXXFLAGS_set=
ac_cv_env_CXXFLAGS_value=
ac_cv_env_CXX_set=
ac_cv_env_CXX_value=
ac_cv_env_LDFLAGS_set=
ac_cv_env_LDFLAGS_value=
ac_cv_env_LIBS_set=
ac_cv_env_LIBS_value=
ac_cv_env_PKG_CONFIG_LIBDIR_set=
ac_cv_env_PKG_CONFIG_LIBDIR_value=
ac_cv_env_PKG_CONFIG_PATH_set=
ac_cv_env_PKG_CONFIG_PATH_value=
ac_cv_env_PKG_CONFIG_set=
ac_cv_env_PKG_CONFIG_value=
ac_cv_env_STARDICT_CFLAGS_set=
ac_cv_env_STARDICT_CFLAGS_value=
ac_cv_env_STARDICT_LIBS_set=
ac_cv_env_STARDICT_LIBS_value=
ac_cv_env_build_alias_set=
ac_cv_env_build_alias_value=
ac_cv_env_host_alias_set=
ac_cv_env_host_alias_value=
ac_cv_env_target_alias_set=
ac_cv_env_target_alias_value=
ac_cv_header_dlfcn_h=yes
ac_cv_header_inttypes_h=yes
ac_cv_header_memory_h=yes
ac_cv_header_stdc=yes
ac_cv_header_stdint_h=yes
ac_cv_header_stdlib_h=yes
ac_cv_header_string_h=yes
ac_cv_header_strings_h=yes
ac_cv_header_sys_stat_h=yes
ac_cv_header_sys_types_h=yes
ac_cv_header_unistd_h=yes
ac_cv_host=x86_64-unknown-linux-gnu
ac_cv_objext=o
ac_cv_path_EGREP='/bin/grep -E'
ac_cv_path_FGREP='/bin/grep -F'
ac_cv_path_GREP=/bin/grep
ac_cv_path_SED=/bin/sed
ac_cv_path_ac_pt_PKG_CONFIG=/usr/bin/pkg-config
ac_cv_path_install='/usr/bin/install -c'
ac_cv_path_mkdir=/bin/mkdir
ac_cv_prog_AWK=gawk
ac_cv_prog_CPP='gcc -E'
ac_cv_prog_CXXCPP='g++ -E'
ac_cv_prog_ac_ct_AR=ar
ac_cv_prog_ac_ct_CC=gcc
ac_cv_prog_ac_ct_CXX=g++
ac_cv_prog_ac_ct_MANIFEST_TOOL=mt
ac_cv_prog_ac_ct_OBJDUMP=objdump
ac_cv_prog_ac_ct_RANLIB=ranlib
ac_cv_prog_ac_ct_STRIP=strip
ac_cv_prog_cc_c89=
ac_cv_prog_cc_g=yes
ac_cv_prog_cxx_g=yes
ac_cv_prog_make_make_set=yes
am_cv_CC_dependencies_compiler_type=gcc3
am_cv_CXX_dependencies_compiler_type=gcc3
am_cv_make_support_nested_variables=yes
am_cv_prog_tar_ustar=gnutar
lt_cv_ar_at_file=@
lt_cv_archive_cmds_need_lc=no
lt_cv_deplibs_check_method=pass_all
lt_cv_file_magic_cmd='$MAGIC_CMD'
lt_cv_file_magic_test_file=
lt_cv_ld_reload_flag=-r
lt_cv_nm_interface='BSD nm'
lt_cv_objdir=.libs
lt_cv_path_LD=/usr/bin/ld
lt_cv_path_LDCXX='/usr/bin/ld -m elf_x86_64'
lt_cv_path_NM='/usr/bin/nm -B'
lt_cv_path_mainfest_tool=no
lt_cv_prog_compiler_c_o=yes
lt_cv_prog_compiler_c_o_CXX=yes
lt_cv_prog_compiler_pic='-fPIC -DPIC'
lt_cv_prog_compiler_pic_CXX='-fPIC -DPIC'
lt_cv_prog_compiler_pic_works=yes
lt_cv_prog_compiler_pic_works_CXX=yes
lt_cv_prog_compiler_rtti_exceptions=no
lt_cv_prog_compiler_static_works=yes
lt_cv_prog_compiler_static_works_CXX=yes
lt_cv_prog_gnu_ld=yes
lt_cv_prog_gnu_ldcxx=yes
lt_cv_sharedlib_from_linklib_cmd='printf %s\n'
lt_cv_shlibpath_overrides_runpath=no
lt_cv_sys_global_symbol_pipe='sed -n -e '\''s/^.*[	 ]\([ABCDGIRSTW][ABCDGIRSTW]*\)[	 ][	 ]*\([_A-Za-z][_A-Za-z0-9]*\)$/\1 \2 \2/p'\'' | sed '\''/ __gnu_lto/d'\'''
lt_cv_sys_global_symbol_to_c_name_address='sed -n -e '\''s/^: \([^ ]*\)[ ]*$/  {\"\1\", (void *) 0},/p'\'' -e '\''s/^[ABCDGIRSTW]* \([^ ]*\) \([^ ]*\)$/  {"\2", (void *) \&\2},/p'\'''
lt_cv_sys_global_symbol_to_c_name_address_lib_prefix='sed -n -e '\''s/^: \([^ ]*\)[ ]*$/  {\"\1\", (void *) 0},/p'\'' -e '\''s/^[ABCDGIRSTW]* \([^ ]*\) \(lib[^ ]*\)$/  {"\2", (void *) \&\2},/p'\'' -e '\''s/^[ABCDGIRSTW]* \([^ ]*\) \([^ ]*\)$/  {"lib\2", (void *) \&\2},/p'\'''
lt_cv_sys_global_symbol_to_cdecl='sed -n -e '\''s/^T .* \(.*\)$/extern int \1();/p'\'' -e '\''s/^[ABCDGIRSTW]* .* \(.*\)$/extern char \1;/p'\'''
lt_cv_sys_max_cmd_len=1572864
lt_cv_to_host_file_cmd=func_convert_file_noop
lt_cv_to_tool_file_cmd=func_convert_file_noop
pkg_cv_STARDICT_CFLAGS='-pthread -I/usr/include/gtk-2.0 -I/usr/lib/x86_64-linux-gnu/gtk-2.0/include -I/usr/include/atk-1.0 -I/usr/include/cairo -I/usr/include/gdk-pixbuf-2.0 -I/usr/include/pango-1.0 -I/usr/include/gio-unix-2.0/ -I/usr/include/freetype2 -I/usr/include/glib-2.0 -I/usr/lib/x86_64-linux-gnu/glib-2.0/include -I/usr/include/pixman-1 -I/usr/include/libpng12 -I/usr/include/harfbuzz -I/usr/include/libxml2  '
pkg_cv_STARDICT_LIBS='-Wl,--export-dynamic -pthread -lgtk-x11-2.0 -lgdk-x11-2.0 -latk-1.0 -lgio-2.0 -lpangoft2-1.0 -lpangocairo-1.0 -lgdk_pixbuf-2.0 -lcairo -lpango-1.0 -lfontconfig -lgobject-2.0 -lfreetype -lgmodule-2.0 -lglib-2.0 -lz -lxml2  '

## ----------------- ##
## Output variables. ##
## ----------------- ##

ACLOCAL='${SHELL} /usr/local/google/home/vvasuki/Downloads/stardict-3.0.5/lib/missing aclocal-1.13'
AMDEPBACKSLASH='\'
AMDEP_FALSE='#'
AMDEP_TRUE=''
AMTAR='$${TAR-tar}'
AM_BACKSLASH='\'
AM_DEFAULT_V='$(AM_DEFAULT_VERBOSITY)'
AM_DEFAULT_VERBOSITY='1'
AM_V='$(V)'
AR='ar'
AUTOCONF='${SHELL} /usr/local/google/home/vvasuki/Downloads/stardict-3.0.5/lib/missing autoconf'
AUTOHEADER='${SHELL} /usr/local/google/home/vvasuki/Downloads/stardict-3.0.5/lib/missing autoheader'
AUTOMAKE='${SHELL} /usr/local/google/home/vvasuki/Downloads/stardict-3.0.5/lib/missing automake-1.13'
AWK='gawk'
CC='gcc'
CCDEPMODE='depmode=gcc3'
CFLAGS='-g -O2'
CPP='gcc -E'
CPPFLAGS=''
CXX='g++'
CXXCPP='g++ -E'
CXXDEPMODE='depmode=gcc3'
CXXFLAGS='-g -O2'
CYGPATH_W='echo'
DEFS='-DHAVE_CONFIG_H'
DEPDIR='.deps'
DLLTOOL='false'
DSYMUTIL=''
DUMPBIN=''
ECHO_C=''
ECHO_N='-n'
ECHO_T=''
EGREP='/bin/grep -E'
EXEEXT=''
FGREP='/bin/grep -F'
GREP='/bin/grep'
INSTALL_DATA='${INSTALL} -m 644'
INSTALL_PROGRAM='${INSTALL}'
INSTALL_SCRIPT='${INSTALL}'
INSTALL_STRIP_PROGRAM='$(install_sh) -c -s'
LD='/usr/bin/ld -m elf_x86_64'
LDFLAGS=''
LIBOBJS=''
LIBS=''
LIBTOOL='$(SHELL) $(top_builddir)/libtool'
LIPO=''
LN_S='ln -s'
LTLIBOBJS=''
MAKEINFO='${SHELL} /usr/local/google/home/vvasuki/Downloads/stardict-3.0.5/lib/missing makeinfo'
MANIFEST_TOOL=':'
MKDIR_P='/bin/mkdir -p'
NM='/usr/bin/nm -B'
NMEDIT=''
OBJDUMP='objdump'
OBJEXT='o'
OTOOL64=''
OTOOL=''
PACKAGE='stardict-lib'
PACKAGE_BUGREPORT='http://www.stardict.org'
PACKAGE_NAME='StarDict lib'
PACKAGE_STRING='StarDict lib 3.0.5'
PACKAGE_TARNAME='stardict-lib'
PACKAGE_URL=''
PACKAGE_VERSION='3.0.5'
PATH_SEPARATOR=':'
PKG_CONFIG='/usr/bin/pkg-config'
PKG_CONFIG_LIBDIR=''
PKG_CONFIG_PATH=''
RANLIB='ranlib'
SED='/bin/sed'
SET_MAKE=''
SHELL='/bin/sh'
STARDICT_CFLAGS='-Wall -pthread -I/usr/include/gtk-2.0 -I/usr/lib/x86_64-linux-gnu/gtk-2.0/include -I/usr/include/atk-1.0 -I/usr/include/cairo -I/usr/include/gdk-pixbuf-2.0 -I/usr/include/pango-1.0 -I/usr/include/gio-unix-2.0/ -I/usr/include/freetype2 -I/usr/include/glib-2.0 -I/usr/lib/x86_64-linux-gnu/glib-2.0/include -I/usr/include/pixman-1 -I/usr/include/libpng12 -I/usr/include/harfbuzz -I/usr/include/libxml2  '
STARDICT_LIBS='-Wl,--export-dynamic -pthread -lgtk-x11-2.0 -lgdk-x11-2.0 -latk-1.0 -lgio-2.0 -lpangoft2-1.0 -lpangocairo-1.0 -lgdk_pixbuf-2.0 -lcairo -lpango-1.0 -lfontconfig -lgobject-2.0 -lfreetype -lgmodule-2.0 -lglib-2.0 -lz -lxml2  '
STRIP='strip'
VERSION='3.0.5'
ac_ct_AR='ar'
ac_ct_CC='gcc'
ac_ct_CXX='g++'
ac_ct_DUMPBIN=''
am__EXEEXT_FALSE=''
am__EXEEXT_TRUE='#'
am__fastdepCC_FALSE='#'
am__fastdepCC_TRUE=''
am__fastdepCXX_FALSE='#'
am__fastdepCXX_TRUE=''
am__include='include'
am__isrc=''
am__leading_dot='.'
am__nodep='_no'
am__quote=''
am__tar='tar --format=ustar -chf - "$$tardir"'
am__untar='tar -xf -'
bindir='${exec_prefix}/bin'
build='x86_64-unknown-linux-gnu'
build_alias=''
build_cpu='x86_64'
build_os='linux-gnu'
build_vendor='unknown'
datadir='${datarootdir}'
datarootdir='${prefix}/share'
docdir='${datarootdir}/doc/${PACKAGE_TARNAME}'
dvidir='${docdir}'
exec_prefix='${prefix}'
host='x86_64-unknown-linux-gnu'
host_alias=''
host_cpu='x86_64'
host_os='linux-gnu'
host_vendor='unknown'
htmldir='${docdir}'
includedir='${prefix}/include'
infodir='${datarootdir}/info'
install_sh='${SHELL} /usr/local/google/home/vvasuki/Downloads/stardict-3.0.5/lib/install-sh'
libdir='${exec_prefix}/lib'
libexecdir='${exec_prefix}/libexec'
localedir='${datarootdir}/locale'
localstatedir='${prefix}/var'
mandir='${datarootdir}/man'
mkdir_p='$(MKDIR_P)'
oldincludedir='/usr/include'
pdfdir='${docdir}'
prefix='/usr/local'
program_transform_name='s,x,x,'
psdir='${docdir}'
sbindir='${exec_prefix}/sbin'
sharedstatedir='${prefix}/com'
sysconfdir='${prefix}/etc'
target_alias=''

## ----------- ##
## confdefs.h. ##
## ----------- ##

/* confdefs.h */
#define PACKAGE_NAME "StarDict lib"
#define PACKAGE_TARNAME "stardict-lib"
#define PACKAGE_VERSION "3.0.5"
#define PACKAGE_STRING "StarDict lib 3.0.5"
#define PACKAGE_BUGREPORT "http://www.stardict.org"
#define PACKAGE_URL ""
#define PACKAGE "stardict-lib"
#define VERSION "3.0.5"
#define STDC_HEADERS 1
#define HAVE_SYS_TYPES_H 1
#define HAVE_SYS_STAT_H 1
#define HAVE_STDLIB_H 1
#define HAVE_STRING_H 1
#define HAVE_MEMORY_H 1
#define HAVE_STRINGS_H 1
#define HAVE_INTTYPES_H 1
#define HAVE_STDINT_H 1
#define HAVE_UNISTD_H 1
#define HAVE_DLFCN_H 1
#define LT_OBJDIR ".libs/"
#define STDC_HEADERS 1
#define HAVE_STDLIB_H 1

configure: exit 0
