This file contains any messages produced by compilers while
running configure, to aid debugging if configure makes a mistake.

It was created by StarDict configure 3.0.5, which was
generated by GNU Autoconf 2.69.  Invocation command line was

  $ ./configure --disable-option-checking --prefix=/usr/local --disable-spell --disable-gucharmap --disable-festival --disable-espeak --cache-file=/dev/null --srcdir=.

## --------- ##
## Platform. ##
## --------- ##

hostname = vvasukigd1.sbo.corp.google.com
uname -m = x86_64
uname -r = 3.13.0-39-generic
uname -s = Linux
uname -v = #66-Ubuntu SMP Tue Oct 28 13:30:27 UTC 2014

/usr/bin/uname -p = unknown
/bin/uname -X     = unknown

/bin/arch              = unknown
/usr/bin/arch -k       = unknown
/usr/convex/getsysinfo = unknown
/usr/bin/hostinfo      = unknown
/bin/machine           = unknown
/usr/bin/oslevel       = unknown
/bin/universe          = unknown

PATH: /usr/local/google/home/vvasuki/bin
PATH: /google/data/ro/teams/mobile_eng_prod/android_sdk_linux/platform-tools
PATH: /usr/lib/google-golang/bin
PATH: /usr/local/buildtools/java/jdk/bin
PATH: /usr/local/sbin
PATH: /usr/local/bin
PATH: /usr/sbin
PATH: /usr/bin
PATH: /sbin
PATH: /bin


## ----------- ##
## Core tests. ##
## ----------- ##

configure:2740: checking for a BSD-compatible install
configure:2808: result: /usr/bin/install -c
configure:2819: checking whether build environment is sane
configure:2874: result: yes
configure:3025: checking for a thread-safe mkdir -p
configure:3064: result: /bin/mkdir -p
configure:3071: checking for gawk
configure:3087: found /usr/bin/gawk
configure:3098: result: gawk
configure:3109: checking whether make sets $(MAKE)
configure:3131: result: yes
configure:3160: checking whether make supports nested variables
configure:3177: result: yes
configure:3266: checking whether UID '168380' is supported by ustar format
configure:3269: result: yes
configure:3276: checking whether GID '5000' is supported by ustar format
configure:3279: result: yes
configure:3287: checking how to create a ustar tar archive
configure:3298: tar --version
tar (GNU tar) 1.27.1
Copyright (C) 2013 Free Software Foundation, Inc.
License GPLv3+: GNU GPL version 3 or later <http://gnu.org/licenses/gpl.html>.
This is free software: you are free to change and redistribute it.
There is NO WARRANTY, to the extent permitted by law.

Written by John Gilmore and Jay Fenlason.
configure:3301: $? = 0
configure:3341: tardir=conftest.dir && eval tar --format=ustar -chf - "$tardir" >conftest.tar
configure:3344: $? = 0
configure:3348: tar -xf - <conftest.tar
configure:3351: $? = 0
configure:3353: cat conftest.dir/file
GrepMe
configure:3356: $? = 0
configure:3369: result: gnutar
configure:3415: checking for gconftool-2
configure:3433: found /usr/bin/gconftool-2
configure:3445: result: /usr/bin/gconftool-2
configure:3454: checking whether NLS is requested
configure:3463: result: yes
configure:3479: checking for style of include used by make
configure:3507: result: GNU
configure:3578: checking for gcc
configure:3594: found /usr/bin/gcc
configure:3605: result: gcc
configure:3834: checking for C compiler version
configure:3843: gcc --version >&5
gcc (Ubuntu 4.8.2-19ubuntu1) 4.8.2
Copyright (C) 2013 Free Software Foundation, Inc.
This is free software; see the source for copying conditions.  There is NO
warranty; not even for MERCHANTABILITY or FITNESS FOR A PARTICULAR PURPOSE.

configure:3854: $? = 0
configure:3843: gcc -v >&5
Using built-in specs.
COLLECT_GCC=gcc
COLLECT_LTO_WRAPPER=/usr/lib/gcc/x86_64-linux-gnu/4.8/lto-wrapper
Target: x86_64-linux-gnu
Configured with: ../src/configure -v --with-pkgversion='Ubuntu 4.8.2-19ubuntu1' --with-bugurl=file:///usr/share/doc/gcc-4.8/README.Bugs --enable-languages=c,c++,java,go,d,fortran,objc,obj-c++ --prefix=/usr --program-suffix=-4.8 --enable-shared --enable-linker-build-id --libexecdir=/usr/lib --without-included-gettext --enable-threads=posix --with-gxx-include-dir=/usr/include/c++/4.8 --libdir=/usr/lib --enable-nls --with-sysroot=/ --enable-clocale=gnu --enable-libstdcxx-debug --enable-libstdcxx-time=yes --enable-gnu-unique-object --disable-libmudflap --enable-plugin --with-system-zlib --disable-browser-plugin --enable-java-awt=gtk --enable-gtk-cairo --with-java-home=/usr/lib/jvm/java-1.5.0-gcj-4.8-amd64/jre --enable-java-home --with-jvm-root-dir=/usr/lib/jvm/java-1.5.0-gcj-4.8-amd64 --with-jvm-jar-dir=/usr/lib/jvm-exports/java-1.5.0-gcj-4.8-amd64 --with-arch-directory=amd64 --with-ecj-jar=/usr/share/java/eclipse-ecj.jar --enable-objc-gc --enable-multiarch --disable-werror --with-arch-32=i686 --with-abi=m64 --with-multilib-list=m32,m64,mx32 --with-tune=generic --enable-checking=release --build=x86_64-linux-gnu --host=x86_64-linux-gnu --target=x86_64-linux-gnu
Thread model: posix
gcc version 4.8.2 (Ubuntu 4.8.2-19ubuntu1) 
configure:3854: $? = 0
configure:3843: gcc -V >&5
gcc: error: unrecognized command line option '-V'
gcc: fatal error: no input files
compilation terminated.
configure:3854: $? = 4
configure:3843: gcc -qversion >&5
gcc: error: unrecognized command line option '-qversion'
gcc: fatal error: no input files
compilation terminated.
configure:3854: $? = 4
configure:3874: checking whether the C compiler works
configure:3896: gcc    conftest.c  >&5
configure:3900: $? = 0
configure:3948: result: yes
configure:3951: checking for C compiler default output file name
configure:3953: result: a.out
configure:3959: checking for suffix of executables
configure:3966: gcc -o conftest    conftest.c  >&5
configure:3970: $? = 0
configure:3992: result: 
configure:4014: checking whether we are cross compiling
configure:4022: gcc -o conftest    conftest.c  >&5
configure:4026: $? = 0
configure:4033: ./conftest
configure:4037: $? = 0
configure:4052: result: no
configure:4057: checking for suffix of object files
configure:4079: gcc -c   conftest.c >&5
configure:4083: $? = 0
configure:4104: result: o
configure:4108: checking whether we are using the GNU C compiler
configure:4127: gcc -c   conftest.c >&5
configure:4127: $? = 0
configure:4136: result: yes
configure:4145: checking whether gcc accepts -g
configure:4165: gcc -c -g  conftest.c >&5
configure:4165: $? = 0
configure:4206: result: yes
configure:4223: checking for gcc option to accept ISO C89
configure:4286: gcc  -c -g -O2  conftest.c >&5
configure:4286: $? = 0
configure:4299: result: none needed
configure:4321: checking dependency style of gcc
configure:4432: result: gcc3
configure:4462: checking for intltool >= 0.22
configure:4464: result: 0.50.2 found
configure:4472: checking for intltool-update
configure:4490: found /usr/bin/intltool-update
configure:4502: result: /usr/bin/intltool-update
configure:4512: checking for intltool-merge
configure:4530: found /usr/bin/intltool-merge
configure:4542: result: /usr/bin/intltool-merge
configure:4552: checking for intltool-extract
configure:4570: found /usr/bin/intltool-extract
configure:4582: result: /usr/bin/intltool-extract
configure:4736: checking for xgettext
configure:4754: found /usr/bin/xgettext
configure:4766: result: /usr/bin/xgettext
configure:4776: checking for msgmerge
configure:4794: found /usr/bin/msgmerge
configure:4806: result: /usr/bin/msgmerge
configure:4816: checking for msgfmt
configure:4834: found /usr/bin/msgfmt
configure:4846: result: /usr/bin/msgfmt
configure:4856: checking for gmsgfmt
configure:4887: result: /usr/bin/msgfmt
configure:4907: checking for perl
configure:4925: found /usr/bin/perl
configure:4937: result: /usr/bin/perl
configure:4948: checking for perl >= 5.8.1
configure:4955: result: 5.18.2
configure:4959: checking for XML::Parser
configure:4962: result: ok
configure:4987: gcc -o conftest -g -O2   conftest.c  >&5
configure:4987: $? = 0
configure:5067: checking for pkg-config
configure:5085: found /usr/bin/pkg-config
configure:5097: result: /usr/bin/pkg-config
configure:5122: checking pkg-config is at least version 0.9.0
configure:5125: result: yes
configure:5164: checking build system type
configure:5178: result: x86_64-unknown-linux-gnu
configure:5198: checking host system type
configure:5211: result: x86_64-unknown-linux-gnu
configure:5252: checking how to print strings
configure:5279: result: printf
configure:5300: checking for a sed that does not truncate output
configure:5364: result: /bin/sed
configure:5382: checking for grep that handles long lines and -e
configure:5440: result: /bin/grep
configure:5445: checking for egrep
configure:5507: result: /bin/grep -E
configure:5512: checking for fgrep
configure:5574: result: /bin/grep -F
configure:5609: checking for ld used by gcc
configure:5676: result: /usr/bin/ld
configure:5683: checking if the linker (/usr/bin/ld) is GNU ld
configure:5698: result: yes
configure:5710: checking for BSD- or MS-compatible name lister (nm)
configure:5759: result: /usr/bin/nm -B
configure:5889: checking the name lister (/usr/bin/nm -B) interface
configure:5896: gcc -c -g -O2  conftest.c >&5
configure:5899: /usr/bin/nm -B "conftest.o"
configure:5902: output
0000000000000000 B some_variable
configure:5909: result: BSD nm
configure:5912: checking whether ln -s works
configure:5916: result: yes
configure:5924: checking the maximum length of command line arguments
configure:6054: result: 1572864
configure:6071: checking whether the shell understands some XSI constructs
configure:6081: result: yes
configure:6085: checking whether the shell understands "+="
configure:6091: result: yes
configure:6126: checking how to convert x86_64-unknown-linux-gnu file names to x86_64-unknown-linux-gnu format
configure:6166: result: func_convert_file_noop
configure:6173: checking how to convert x86_64-unknown-linux-gnu file names to toolchain format
configure:6193: result: func_convert_file_noop
configure:6200: checking for /usr/bin/ld option to reload object files
configure:6207: result: -r
configure:6281: checking for objdump
configure:6297: found /usr/bin/objdump
configure:6308: result: objdump
configure:6340: checking how to recognize dependent libraries
configure:6542: result: pass_all
configure:6627: checking for dlltool
configure:6657: result: no
configure:6687: checking how to associate runtime and link libraries
configure:6714: result: printf %s\n
configure:6774: checking for ar
configure:6790: found /usr/bin/ar
configure:6801: result: ar
configure:6838: checking for archiver @FILE support
configure:6855: gcc -c -g -O2  conftest.c >&5
configure:6855: $? = 0
configure:6858: ar cru libconftest.a @conftest.lst >&5
configure:6861: $? = 0
configure:6866: ar cru libconftest.a @conftest.lst >&5
ar: conftest.o: No such file or directory
configure:6869: $? = 1
configure:6881: result: @
configure:6939: checking for strip
configure:6955: found /usr/bin/strip
configure:6966: result: strip
configure:7038: checking for ranlib
configure:7054: found /usr/bin/ranlib
configure:7065: result: ranlib
configure:7167: checking command to parse /usr/bin/nm -B output from gcc object
configure:7287: gcc -c -g -O2  conftest.c >&5
configure:7290: $? = 0
configure:7294: /usr/bin/nm -B conftest.o \| sed -n -e 's/^.*[ ]\([ABCDGIRSTW][ABCDGIRSTW]*\)[ ][ ]*\([_A-Za-z][_A-Za-z0-9]*\)$/\1 \2 \2/p' | sed '/ __gnu_lto/d' \> conftest.nm
configure:7297: $? = 0
configure:7363: gcc -o conftest -g -O2   conftest.c conftstm.o >&5
configure:7366: $? = 0
configure:7404: result: ok
configure:7441: checking for sysroot
configure:7471: result: no
configure:7548: gcc -c -g -O2  conftest.c >&5
configure:7551: $? = 0
configure:7733: checking for mt
configure:7749: found /bin/mt
configure:7760: result: mt
configure:7783: checking if mt is a manifest tool
configure:7789: mt '-?'
configure:7797: result: no
configure:8439: checking how to run the C preprocessor
configure:8470: gcc -E  conftest.c
configure:8470: $? = 0
configure:8484: gcc -E  conftest.c
conftest.c:11:28: fatal error: ac_nonexistent.h: No such file or directory
 #include <ac_nonexistent.h>
                            ^
compilation terminated.
configure:8484: $? = 1
configure: failed program was:
| /* confdefs.h */
| #define PACKAGE_NAME "StarDict"
| #define PACKAGE_TARNAME "stardict"
| #define PACKAGE_VERSION "3.0.5"
| #define PACKAGE_STRING "StarDict 3.0.5"
| #define PACKAGE_BUGREPORT "http://www.stardict.org"
| #define PACKAGE_URL ""
| #define PACKAGE "stardict"
| #define VERSION "3.0.5"
| /* end confdefs.h.  */
| #include <ac_nonexistent.h>
configure:8509: result: gcc -E
configure:8529: gcc -E  conftest.c
configure:8529: $? = 0
configure:8543: gcc -E  conftest.c
conftest.c:11:28: fatal error: ac_nonexistent.h: No such file or directory
 #include <ac_nonexistent.h>
                            ^
compilation terminated.
configure:8543: $? = 1
configure: failed program was:
| /* confdefs.h */
| #define PACKAGE_NAME "StarDict"
| #define PACKAGE_TARNAME "stardict"
| #define PACKAGE_VERSION "3.0.5"
| #define PACKAGE_STRING "StarDict 3.0.5"
| #define PACKAGE_BUGREPORT "http://www.stardict.org"
| #define PACKAGE_URL ""
| #define PACKAGE "stardict"
| #define VERSION "3.0.5"
| /* end confdefs.h.  */
| #include <ac_nonexistent.h>
configure:8572: checking for ANSI C header files
configure:8592: gcc -c -g -O2  conftest.c >&5
configure:8592: $? = 0
configure:8665: gcc -o conftest -g -O2   conftest.c  >&5
configure:8665: $? = 0
configure:8665: ./conftest
configure:8665: $? = 0
configure:8676: result: yes
configure:8689: checking for sys/types.h
configure:8689: gcc -c -g -O2  conftest.c >&5
configure:8689: $? = 0
configure:8689: result: yes
configure:8689: checking for sys/stat.h
configure:8689: gcc -c -g -O2  conftest.c >&5
configure:8689: $? = 0
configure:8689: result: yes
configure:8689: checking for stdlib.h
configure:8689: gcc -c -g -O2  conftest.c >&5
configure:8689: $? = 0
configure:8689: result: yes
configure:8689: checking for string.h
configure:8689: gcc -c -g -O2  conftest.c >&5
configure:8689: $? = 0
configure:8689: result: yes
configure:8689: checking for memory.h
configure:8689: gcc -c -g -O2  conftest.c >&5
configure:8689: $? = 0
configure:8689: result: yes
configure:8689: checking for strings.h
configure:8689: gcc -c -g -O2  conftest.c >&5
configure:8689: $? = 0
configure:8689: result: yes
configure:8689: checking for inttypes.h
configure:8689: gcc -c -g -O2  conftest.c >&5
configure:8689: $? = 0
configure:8689: result: yes
configure:8689: checking for stdint.h
configure:8689: gcc -c -g -O2  conftest.c >&5
configure:8689: $? = 0
configure:8689: result: yes
configure:8689: checking for unistd.h
configure:8689: gcc -c -g -O2  conftest.c >&5
configure:8689: $? = 0
configure:8689: result: yes
configure:8703: checking for dlfcn.h
configure:8703: gcc -c -g -O2  conftest.c >&5
configure:8703: $? = 0
configure:8703: result: yes
configure:8879: checking for objdir
configure:8894: result: .libs
configure:9165: checking if gcc supports -fno-rtti -fno-exceptions
configure:9183: gcc -c -g -O2  -fno-rtti -fno-exceptions conftest.c >&5
cc1: warning: command line option '-fno-rtti' is valid for C++/ObjC++ but not for C [enabled by default]
configure:9187: $? = 0
configure:9200: result: no
configure:9527: checking for gcc option to produce PIC
configure:9534: result: -fPIC -DPIC
configure:9542: checking if gcc PIC flag -fPIC -DPIC works
configure:9560: gcc -c -g -O2  -fPIC -DPIC -DPIC conftest.c >&5
configure:9564: $? = 0
configure:9577: result: yes
configure:9606: checking if gcc static flag -static works
configure:9634: result: yes
configure:9649: checking if gcc supports -c -o file.o
configure:9670: gcc -c -g -O2  -o out/conftest2.o conftest.c >&5
configure:9674: $? = 0
configure:9696: result: yes
configure:9704: checking if gcc supports -c -o file.o
configure:9751: result: yes
configure:9784: checking whether the gcc linker (/usr/bin/ld -m elf_x86_64) supports shared libraries
configure:10937: result: yes
configure:10974: checking whether -lc should be explicitly linked in
configure:10982: gcc -c -g -O2  conftest.c >&5
configure:10985: $? = 0
configure:11000: gcc -shared  -fPIC -DPIC conftest.o  -v -Wl,-soname -Wl,conftest -o conftest 2\>\&1 \| /bin/grep  -lc  \>/dev/null 2\>\&1
configure:11003: $? = 0
configure:11017: result: no
configure:11177: checking dynamic linker characteristics
configure:11688: gcc -o conftest -g -O2   -Wl,-rpath -Wl,/foo conftest.c  >&5
configure:11688: $? = 0
configure:11914: result: GNU/Linux ld.so
configure:12021: checking how to hardcode library paths into programs
configure:12046: result: immediate
configure:12586: checking whether stripping libraries is possible
configure:12591: result: yes
configure:12626: checking if libtool supports shared libraries
configure:12628: result: yes
configure:12631: checking whether to build shared libraries
configure:12652: result: yes
configure:12655: checking whether to build static libraries
configure:12659: result: no
configure:12704: checking gnome-doc-utils >= 0.3.2
configure:12707: $PKG_CONFIG --exists --print-errors "gnome-doc-utils >= $gdu_cv_version_required"
configure:12710: $? = 0
configure:12718: result: yes
configure:12791: checking for library containing strerror
configure:12822: gcc -o conftest -g -O2   conftest.c  >&5
configure:12822: $? = 0
configure:12839: result: none required
configure:12895: checking for gcc
configure:12922: result: gcc
configure:13151: checking for C compiler version
configure:13160: gcc --version >&5
gcc (Ubuntu 4.8.2-19ubuntu1) 4.8.2
Copyright (C) 2013 Free Software Foundation, Inc.
This is free software; see the source for copying conditions.  There is NO
warranty; not even for MERCHANTABILITY or FITNESS FOR A PARTICULAR PURPOSE.

configure:13171: $? = 0
configure:13160: gcc -v >&5
Using built-in specs.
COLLECT_GCC=gcc
COLLECT_LTO_WRAPPER=/usr/lib/gcc/x86_64-linux-gnu/4.8/lto-wrapper
Target: x86_64-linux-gnu
Configured with: ../src/configure -v --with-pkgversion='Ubuntu 4.8.2-19ubuntu1' --with-bugurl=file:///usr/share/doc/gcc-4.8/README.Bugs --enable-languages=c,c++,java,go,d,fortran,objc,obj-c++ --prefix=/usr --program-suffix=-4.8 --enable-shared --enable-linker-build-id --libexecdir=/usr/lib --without-included-gettext --enable-threads=posix --with-gxx-include-dir=/usr/include/c++/4.8 --libdir=/usr/lib --enable-nls --with-sysroot=/ --enable-clocale=gnu --enable-libstdcxx-debug --enable-libstdcxx-time=yes --enable-gnu-unique-object --disable-libmudflap --enable-plugin --with-system-zlib --disable-browser-plugin --enable-java-awt=gtk --enable-gtk-cairo --with-java-home=/usr/lib/jvm/java-1.5.0-gcj-4.8-amd64/jre --enable-java-home --with-jvm-root-dir=/usr/lib/jvm/java-1.5.0-gcj-4.8-amd64 --with-jvm-jar-dir=/usr/lib/jvm-exports/java-1.5.0-gcj-4.8-amd64 --with-arch-directory=amd64 --with-ecj-jar=/usr/share/java/eclipse-ecj.jar --enable-objc-gc --enable-multiarch --disable-werror --with-arch-32=i686 --with-abi=m64 --with-multilib-list=m32,m64,mx32 --with-tune=generic --enable-checking=release --build=x86_64-linux-gnu --host=x86_64-linux-gnu --target=x86_64-linux-gnu
Thread model: posix
gcc version 4.8.2 (Ubuntu 4.8.2-19ubuntu1) 
configure:13171: $? = 0
configure:13160: gcc -V >&5
gcc: error: unrecognized command line option '-V'
gcc: fatal error: no input files
compilation terminated.
configure:13171: $? = 4
configure:13160: gcc -qversion >&5
gcc: error: unrecognized command line option '-qversion'
gcc: fatal error: no input files
compilation terminated.
configure:13171: $? = 4
configure:13175: checking whether we are using the GNU C compiler
configure:13203: result: yes
configure:13212: checking whether gcc accepts -g
configure:13273: result: yes
configure:13290: checking for gcc option to accept ISO C89
configure:13366: result: none needed
configure:13388: checking dependency style of gcc
configure:13499: result: gcc3
configure:13572: checking for g++
configure:13588: found /usr/bin/g++
configure:13599: result: g++
configure:13626: checking for C++ compiler version
configure:13635: g++ --version >&5
g++ (Ubuntu 4.8.2-19ubuntu1) 4.8.2
Copyright (C) 2013 Free Software Foundation, Inc.
This is free software; see the source for copying conditions.  There is NO
warranty; not even for MERCHANTABILITY or FITNESS FOR A PARTICULAR PURPOSE.

configure:13646: $? = 0
configure:13635: g++ -v >&5
Using built-in specs.
COLLECT_GCC=g++
COLLECT_LTO_WRAPPER=/usr/lib/gcc/x86_64-linux-gnu/4.8/lto-wrapper
Target: x86_64-linux-gnu
Configured with: ../src/configure -v --with-pkgversion='Ubuntu 4.8.2-19ubuntu1' --with-bugurl=file:///usr/share/doc/gcc-4.8/README.Bugs --enable-languages=c,c++,java,go,d,fortran,objc,obj-c++ --prefix=/usr --program-suffix=-4.8 --enable-shared --enable-linker-build-id --libexecdir=/usr/lib --without-included-gettext --enable-threads=posix --with-gxx-include-dir=/usr/include/c++/4.8 --libdir=/usr/lib --enable-nls --with-sysroot=/ --enable-clocale=gnu --enable-libstdcxx-debug --enable-libstdcxx-time=yes --enable-gnu-unique-object --disable-libmudflap --enable-plugin --with-system-zlib --disable-browser-plugin --enable-java-awt=gtk --enable-gtk-cairo --with-java-home=/usr/lib/jvm/java-1.5.0-gcj-4.8-amd64/jre --enable-java-home --with-jvm-root-dir=/usr/lib/jvm/java-1.5.0-gcj-4.8-amd64 --with-jvm-jar-dir=/usr/lib/jvm-exports/java-1.5.0-gcj-4.8-amd64 --with-arch-directory=amd64 --with-ecj-jar=/usr/share/java/eclipse-ecj.jar --enable-objc-gc --enable-multiarch --disable-werror --with-arch-32=i686 --with-abi=m64 --with-multilib-list=m32,m64,mx32 --with-tune=generic --enable-checking=release --build=x86_64-linux-gnu --host=x86_64-linux-gnu --target=x86_64-linux-gnu
Thread model: posix
gcc version 4.8.2 (Ubuntu 4.8.2-19ubuntu1) 
configure:13646: $? = 0
configure:13635: g++ -V >&5
g++: error: unrecognized command line option '-V'
g++: fatal error: no input files
compilation terminated.
configure:13646: $? = 4
configure:13635: g++ -qversion >&5
g++: error: unrecognized command line option '-qversion'
g++: fatal error: no input files
compilation terminated.
configure:13646: $? = 4
configure:13650: checking whether we are using the GNU C++ compiler
configure:13669: g++ -c   conftest.cpp >&5
configure:13669: $? = 0
configure:13678: result: yes
configure:13687: checking whether g++ accepts -g
configure:13707: g++ -c -g  conftest.cpp >&5
configure:13707: $? = 0
configure:13748: result: yes
configure:13773: checking dependency style of g++
configure:13884: result: gcc3
configure:13917: checking how to run the C++ preprocessor
configure:13944: g++ -E  conftest.cpp
configure:13944: $? = 0
configure:13958: g++ -E  conftest.cpp
conftest.cpp:23:28: fatal error: ac_nonexistent.h: No such file or directory
 #include <ac_nonexistent.h>
                            ^
compilation terminated.
configure:13958: $? = 1
configure: failed program was:
| /* confdefs.h */
| #define PACKAGE_NAME "StarDict"
| #define PACKAGE_TARNAME "stardict"
| #define PACKAGE_VERSION "3.0.5"
| #define PACKAGE_STRING "StarDict 3.0.5"
| #define PACKAGE_BUGREPORT "http://www.stardict.org"
| #define PACKAGE_URL ""
| #define PACKAGE "stardict"
| #define VERSION "3.0.5"
| #define STDC_HEADERS 1
| #define HAVE_SYS_TYPES_H 1
| #define HAVE_SYS_STAT_H 1
| #define HAVE_STDLIB_H 1
| #define HAVE_STRING_H 1
| #define HAVE_MEMORY_H 1
| #define HAVE_STRINGS_H 1
| #define HAVE_INTTYPES_H 1
| #define HAVE_STDINT_H 1
| #define HAVE_UNISTD_H 1
| #define HAVE_DLFCN_H 1
| #define LT_OBJDIR ".libs/"
| /* end confdefs.h.  */
| #include <ac_nonexistent.h>
configure:13983: result: g++ -E
configure:14003: g++ -E  conftest.cpp
configure:14003: $? = 0
configure:14017: g++ -E  conftest.cpp
conftest.cpp:23:28: fatal error: ac_nonexistent.h: No such file or directory
 #include <ac_nonexistent.h>
                            ^
compilation terminated.
configure:14017: $? = 1
configure: failed program was:
| /* confdefs.h */
| #define PACKAGE_NAME "StarDict"
| #define PACKAGE_TARNAME "stardict"
| #define PACKAGE_VERSION "3.0.5"
| #define PACKAGE_STRING "StarDict 3.0.5"
| #define PACKAGE_BUGREPORT "http://www.stardict.org"
| #define PACKAGE_URL ""
| #define PACKAGE "stardict"
| #define VERSION "3.0.5"
| #define STDC_HEADERS 1
| #define HAVE_SYS_TYPES_H 1
| #define HAVE_SYS_STAT_H 1
| #define HAVE_STDLIB_H 1
| #define HAVE_STRING_H 1
| #define HAVE_MEMORY_H 1
| #define HAVE_STRINGS_H 1
| #define HAVE_INTTYPES_H 1
| #define HAVE_STDINT_H 1
| #define HAVE_UNISTD_H 1
| #define HAVE_DLFCN_H 1
| #define LT_OBJDIR ".libs/"
| /* end confdefs.h.  */
| #include <ac_nonexistent.h>
configure:14186: checking for ld used by g++
configure:14253: result: /usr/bin/ld -m elf_x86_64
configure:14260: checking if the linker (/usr/bin/ld -m elf_x86_64) is GNU ld
configure:14275: result: yes
configure:14330: checking whether the g++ linker (/usr/bin/ld -m elf_x86_64) supports shared libraries
configure:15335: result: yes
configure:15371: g++ -c -g -O2  conftest.cpp >&5
configure:15374: $? = 0
configure:15894: checking for g++ option to produce PIC
configure:15901: result: -fPIC -DPIC
configure:15909: checking if g++ PIC flag -fPIC -DPIC works
configure:15927: g++ -c -g -O2  -fPIC -DPIC -DPIC conftest.cpp >&5
configure:15931: $? = 0
configure:15944: result: yes
configure:15967: checking if g++ static flag -static works
configure:15995: result: yes
configure:16007: checking if g++ supports -c -o file.o
configure:16028: g++ -c -g -O2  -o out/conftest2.o conftest.cpp >&5
configure:16032: $? = 0
configure:16054: result: yes
configure:16059: checking if g++ supports -c -o file.o
configure:16106: result: yes
configure:16136: checking whether the g++ linker (/usr/bin/ld -m elf_x86_64) supports shared libraries
configure:16172: result: yes
configure:16313: checking dynamic linker characteristics
configure:16984: result: GNU/Linux ld.so
configure:17037: checking how to hardcode library paths into programs
configure:17062: result: immediate
configure:17109: checking whether make sets $(MAKE)
configure:17131: result: yes
configure:17148: checking for stdlib.h
configure:17148: result: yes
configure:17148: checking for unistd.h
configure:17148: result: yes
configure:17148: checking for sys/param.h
configure:17148: g++ -c -g -O2  conftest.cpp >&5
configure:17148: $? = 0
configure:17148: result: yes
configure:17168: checking for getpagesize
configure:17168: g++ -o conftest -g -O2   conftest.cpp  >&5
configure:17168: $? = 0
configure:17168: result: yes
configure:17177: checking for working mmap
configure:17324: g++ -o conftest -g -O2   conftest.cpp  >&5
configure:17324: $? = 0
configure:17324: ./conftest
configure:17324: $? = 0
configure:17334: result: yes
configure:17343: checking for gethostbyname_r
configure:17343: g++ -o conftest -g -O2   conftest.cpp  >&5
configure:17343: $? = 0
configure:17343: result: yes
configure:17350: checking for memrchr
configure:17350: g++ -o conftest -g -O2   conftest.cpp  >&5
configure:17350: $? = 0
configure:17350: result: yes
configure:17370: checking locale.h usability
configure:17370: g++ -c -g -O2  conftest.cpp >&5
configure:17370: $? = 0
configure:17370: result: yes
configure:17370: checking locale.h presence
configure:17370: g++ -E  conftest.cpp
configure:17370: $? = 0
configure:17370: result: yes
configure:17370: checking for locale.h
configure:17370: result: yes
configure:17381: checking for LC_MESSAGES
configure:17397: g++ -o conftest -g -O2   conftest.cpp  >&5
configure:17397: $? = 0
configure:17405: result: yes
configure:17422: checking libintl.h usability
configure:17422: g++ -c -g -O2  conftest.cpp >&5
configure:17422: $? = 0
configure:17422: result: yes
configure:17422: checking libintl.h presence
configure:17422: g++ -E  conftest.cpp
configure:17422: $? = 0
configure:17422: result: yes
configure:17422: checking for libintl.h
configure:17422: result: yes
configure:17430: checking for ngettext in libc
configure:17448: g++ -o conftest -g -O2   conftest.cpp  >&5
configure:17448: $? = 0
configure:17457: result: yes
configure:17461: checking for dgettext in libc
configure:17479: g++ -o conftest -g -O2   conftest.cpp  >&5
configure:17479: $? = 0
configure:17488: result: yes
configure:17495: checking for bind_textdomain_codeset
configure:17495: g++ -o conftest -g -O2   conftest.cpp  >&5
configure:17495: $? = 0
configure:17495: result: yes
configure:17771: checking for msgfmt
configure:17798: result: /usr/bin/msgfmt
configure:17809: checking for dcgettext
configure:17809: g++ -o conftest -g -O2   conftest.cpp   >&5
configure:17809: $? = 0
configure:17809: result: yes
configure:17819: checking if msgfmt accepts -c
configure:17834: $MSGFMT -c -o /dev/null conftest.foo
conftest.foo:3: warning: header field 'Language' missing in header
configure:17837: $? = 0
configure:17839: result: yes
configure:17849: checking for gmsgfmt
configure:17880: result: /usr/bin/msgfmt
configure:17890: checking for xgettext
configure:17917: result: /usr/bin/xgettext
configure:17936: g++ -o conftest -g -O2   conftest.cpp   >&5
configure:17936: $? = 0
configure:18569: checking for STARDICT
configure:18576: $PKG_CONFIG --exists --print-errors "$DEP_MODULES"
configure:18579: $? = 0
configure:18593: $PKG_CONFIG --exists --print-errors "$DEP_MODULES"
configure:18596: $? = 0
configure:18654: result: yes
configure:18806: checking for gconftool-2
configure:18837: result: /usr/bin/gconftool-2
configure:18863: result: Using config source xml:merged:/etc/gconf/gconf.xml.defaults for schema installation
configure:18878: result: Using $(sysconfdir)/gconf/schemas as install directory for schema files
configure:18927: checking for zlibVersion in -lz
configure:18952: g++ -o conftest -g -O2   conftest.cpp -lz   >&5
configure:18952: $? = 0
configure:18961: result: yes
configure:18975: checking for SIGCPP
configure:18982: $PKG_CONFIG --exists --print-errors ""sigc++-2.0""
Package sigc++-2.0 was not found in the pkg-config search path.
Perhaps you should add the directory containing `sigc++-2.0.pc'
to the PKG_CONFIG_PATH environment variable
No package 'sigc++-2.0' found
configure:18985: $? = 1
configure:18999: $PKG_CONFIG --exists --print-errors ""sigc++-2.0""
Package sigc++-2.0 was not found in the pkg-config search path.
Perhaps you should add the directory containing `sigc++-2.0.pc'
to the PKG_CONFIG_PATH environment variable
No package 'sigc++-2.0' found
configure:19002: $? = 1
configure:19016: result: no
No package 'sigc++-2.0' found
configure:19059: checking if C++ compiler supports the use of a particular specialization when calling operator() template methods.
configure:19103: g++ -c -g -O2  conftest.cpp >&5
configure:19103: $? = 0
configure:19109: result: yes
configure:19122: checking if C++ compiler supports the use of a particular specialization when calling operator() template methods omitting the template keyword.
configure:19166: g++ -c -g -O2  conftest.cpp >&5
configure:19166: $? = 0
configure:19172: result: yes
configure:19185: checking if C++ compiler allows usage of member function in initialization of static member field.
configure:19208: g++ -c -g -O2  conftest.cpp >&5
configure:19208: $? = 0
configure:19214: result: yes
configure:19227: checking whether C++ library symbols are declared in namespace std
configure:19257: g++ -c -g -O2  conftest.cpp >&5
configure:19257: $? = 0
configure:19266: result: yes
configure:19280: checking for non-standard Sun libCstd reverse_iterator
configure:19304: g++ -c -g -O2  conftest.cpp >&5
conftest.cpp: In function 'int main()':
conftest.cpp:52:85: error: wrong number of template arguments (6, should be 1)
       typedef reverse_iterator<char*,random_access_iterator_tag,char,char&,char*,int> ReverseIter;
                                                                                     ^
In file included from /usr/include/c++/4.8/iterator:63:0,
                 from conftest.cpp:43:
/usr/include/c++/4.8/bits/stl_iterator.h:96:11: error: provided for 'template<class _Iterator> class std::reverse_iterator'
     class reverse_iterator
           ^
conftest.cpp:52:98: error: invalid type in declaration before ';' token
       typedef reverse_iterator<char*,random_access_iterator_tag,char,char&,char*,int> ReverseIter;
                                                                                                  ^
configure:19304: $? = 1
configure: failed program was:
| /* confdefs.h */
| #define PACKAGE_NAME "StarDict"
| #define PACKAGE_TARNAME "stardict"
| #define PACKAGE_VERSION "3.0.5"
| #define PACKAGE_STRING "StarDict 3.0.5"
| #define PACKAGE_BUGREPORT "http://www.stardict.org"
| #define PACKAGE_URL ""
| #define PACKAGE "stardict"
| #define VERSION "3.0.5"
| #define STDC_HEADERS 1
| #define HAVE_SYS_TYPES_H 1
| #define HAVE_SYS_STAT_H 1
| #define HAVE_STDLIB_H 1
| #define HAVE_STRING_H 1
| #define HAVE_MEMORY_H 1
| #define HAVE_STRINGS_H 1
| #define HAVE_INTTYPES_H 1
| #define HAVE_STDINT_H 1
| #define HAVE_UNISTD_H 1
| #define HAVE_DLFCN_H 1
| #define LT_OBJDIR ".libs/"
| #define HAVE_STDLIB_H 1
| #define HAVE_UNISTD_H 1
| #define HAVE_SYS_PARAM_H 1
| #define HAVE_GETPAGESIZE 1
| #define HAVE_MMAP 1
| #define HAVE_GETHOSTBYNAME_R /**/
| #define HAVE_MEMRCHR /**/
| #define GETTEXT_PACKAGE "stardict"
| #define HAVE_LOCALE_H 1
| #define HAVE_LC_MESSAGES 1
| #define HAVE_BIND_TEXTDOMAIN_CODESET 1
| #define HAVE_GETTEXT 1
| #define HAVE_DCGETTEXT 1
| #define ENABLE_NLS 1
| #define CONFIG_GNOME /**/
| #define SIGC_GCC_TEMPLATE_SPECIALIZATION_OPERATOR_OVERLOAD 1
| #define SIGC_MSVC_TEMPLATE_SPECIALIZATION_OPERATOR_OVERLOAD 1
| #define SIGC_SELF_REFERENCE_IN_MEMBER_INITIALIZATION 1
| #define SIGC_HAVE_NAMESPACE_STD 1
| /* end confdefs.h.  */
| 
|       #include <iterator>
|       #ifdef SIGC_HAVE_NAMESPACE_STD
|       using namespace std;
|       #endif
| 
| int
| main ()
| {
| 
|       typedef reverse_iterator<char*,random_access_iterator_tag,char,char&,char*,int> ReverseIter;
| 
|   ;
|   return 0;
| }
configure:19313: result: no
configure:19337: checking for scrollkeeper-config
configure:19353: found /usr/bin/scrollkeeper-config
configure:19364: result: yes
configure:19380: checking for X
configure:19488: g++ -E  conftest.cpp
configure:19488: $? = 0
configure:19519: g++ -o conftest -g -O2   conftest.cpp -lX11  >&5
configure:19519: $? = 0
configure:19569: result: libraries , headers 
configure:19668: g++ -o conftest -g -O2   conftest.cpp   -lX11 >&5
configure:19668: $? = 0
configure:19766: checking for gethostbyname
configure:19766: g++ -o conftest -g -O2   conftest.cpp  >&5
configure:19766: $? = 0
configure:19766: result: yes
configure:19863: checking for connect
configure:19863: g++ -o conftest -g -O2   conftest.cpp  >&5
configure:19863: $? = 0
configure:19863: result: yes
configure:19912: checking for remove
configure:19912: g++ -o conftest -g -O2   conftest.cpp  >&5
configure:19912: $? = 0
configure:19912: result: yes
configure:19961: checking for shmat
configure:19961: g++ -o conftest -g -O2   conftest.cpp  >&5
configure:19961: $? = 0
configure:19961: result: yes
configure:20019: checking for IceConnectionNumber in -lICE
configure:20044: g++ -o conftest -g -O2   conftest.cpp -lICE   >&5
configure:20044: $? = 0
configure:20053: result: yes
configure:20077: checking for main in -lX11
configure:20096: g++ -o conftest -g -O2    -lSM -lICE conftest.cpp -lX11   >&5
configure:20096: $? = 0
configure:20105: result: yes
configure:20241: checking that generated files are newer than configure
configure:20247: result: done
configure:20330: creating ./config.status

## ---------------------- ##
## Running config.status. ##
## ---------------------- ##

This file was extended by StarDict config.status 3.0.5, which was
generated by GNU Autoconf 2.69.  Invocation command line was

  CONFIG_FILES    = 
  CONFIG_HEADERS  = 
  CONFIG_LINKS    = 
  CONFIG_COMMANDS = 
  $ ./config.status 

on vvasukigd1.sbo.corp.google.com

config.status:1349: creating Makefile
config.status:1349: creating stardict.spec
config.status:1349: creating stardict-withoutgnome.spec
config.status:1349: creating data/Makefile
config.status:1349: creating doc/Makefile
config.status:1349: creating debian-upstream/Makefile
config.status:1349: creating mac_dist/Makefile
config.status:1349: creating mac_dist/zh_CN.lproj/Makefile
config.status:1349: creating msvc_2008/Makefile
config.status:1349: creating po/Makefile.in
config.status:1349: creating m4/Makefile
config.status:1349: creating src/Makefile
config.status:1349: creating src/sigc++/Makefile
config.status:1349: creating src/sigc++config/Makefile
config.status:1349: creating src/lib/Makefile
config.status:1349: creating src/pixmaps/Makefile
config.status:1349: creating src/sounds/Makefile
config.status:1349: creating src/dic/Makefile
config.status:1349: creating src/dic/stardict-dict/Makefile
config.status:1349: creating src/dic/stardict-dict/res/Makefile
config.status:1349: creating src/skins/Makefile
config.status:1349: creating src/treedict/Makefile
config.status:1349: creating src/win32/Makefile
config.status:1349: creating src/win32/acrobat/Makefile
config.status:1349: creating src/win32/acrobat/sources/Makefile
config.status:1349: creating src/win32/acrobat/win32/Makefile
config.status:1349: creating src/win32/nsis/Makefile
config.status:1349: creating src/win32/PortableApps.com/Makefile
config.status:1349: creating stardict-plugins/Makefile
config.status:1349: creating stardict-plugins/stardict-advertisement-plugin/Makefile
config.status:1349: creating stardict-plugins/stardict-advertisement-plugin/data/Makefile
config.status:1349: creating stardict-plugins/stardict-man-plugin/Makefile
config.status:1349: creating stardict-plugins/stardict-qqwry-plugin/Makefile
config.status:1349: creating stardict-plugins/stardict-dictdotcn-plugin/Makefile
config.status:1349: creating stardict-plugins/stardict-update-info-plugin/Makefile
config.status:1349: creating stardict-plugins/stardict-spell-plugin/Makefile
config.status:1349: creating stardict-plugins/stardict-gucharmap-plugin/Makefile
config.status:1349: creating stardict-plugins/stardict-festival-tts-plugin/Makefile
config.status:1349: creating stardict-plugins/stardict-espeak-tts-plugin/Makefile
config.status:1349: creating stardict-plugins/stardict-wiki-parsedata-plugin/Makefile
config.status:1349: creating stardict-plugins/stardict-powerword-parsedata-plugin/Makefile
config.status:1349: creating stardict-plugins/stardict-xdxf-parsedata-plugin/Makefile
config.status:1349: creating stardict-plugins/stardict-wordnet-plugin/Makefile
config.status:1349: creating stardict-plugins/stardict-html-parsedata-plugin/Makefile
config.status:1349: creating stardict-plugins/stardict-sapi-tts-plugin/Makefile
config.status:1349: creating tests/Makefile
config.status:1349: creating pixmaps/Makefile
config.status:1349: creating help/Makefile
config.status:1349: creating config.h
config.status:1578: executing depfiles commands
config.status:1578: executing libtool commands
config.status:1578: executing default-1 commands
config.status:1578: executing po/stamp-it commands

## ---------------- ##
## Cache variables. ##
## ---------------- ##

ac_cv_build=x86_64-unknown-linux-gnu
ac_cv_c_compiler_gnu=yes
ac_cv_cxx_compiler_gnu=yes
ac_cv_env_CCC_set=
ac_cv_env_CCC_value=
ac_cv_env_CC_set=
ac_cv_env_CC_value=
ac_cv_env_CFLAGS_set=
ac_cv_env_CFLAGS_value=
ac_cv_env_CPPFLAGS_set=
ac_cv_env_CPPFLAGS_value=
ac_cv_env_CPP_set=
ac_cv_env_CPP_value=
ac_cv_env_CXXCPP_set=
ac_cv_env_CXXCPP_value=
ac_cv_env_CXXFLAGS_set=
ac_cv_env_CXXFLAGS_value=
ac_cv_env_CXX_set=
ac_cv_env_CXX_value=
ac_cv_env_ENCHANT_CFLAGS_set=
ac_cv_env_ENCHANT_CFLAGS_value=
ac_cv_env_ENCHANT_LIBS_set=
ac_cv_env_ENCHANT_LIBS_value=
ac_cv_env_GUCHARMAP_CFLAGS_set=
ac_cv_env_GUCHARMAP_CFLAGS_value=
ac_cv_env_GUCHARMAP_LIBS_set=
ac_cv_env_GUCHARMAP_LIBS_value=
ac_cv_env_LDFLAGS_set=
ac_cv_env_LDFLAGS_value=
ac_cv_env_LIBS_set=
ac_cv_env_LIBS_value=
ac_cv_env_PKG_CONFIG_LIBDIR_set=
ac_cv_env_PKG_CONFIG_LIBDIR_value=
ac_cv_env_PKG_CONFIG_PATH_set=
ac_cv_env_PKG_CONFIG_PATH_value=
ac_cv_env_PKG_CONFIG_set=
ac_cv_env_PKG_CONFIG_value=
ac_cv_env_SIGCPP_CFLAGS_set=
ac_cv_env_SIGCPP_CFLAGS_value=
ac_cv_env_SIGCPP_LIBS_set=
ac_cv_env_SIGCPP_LIBS_value=
ac_cv_env_STARDICT_CFLAGS_set=
ac_cv_env_STARDICT_CFLAGS_value=
ac_cv_env_STARDICT_LIBS_set=
ac_cv_env_STARDICT_LIBS_value=
ac_cv_env_XMKMF_set=
ac_cv_env_XMKMF_value=
ac_cv_env_build_alias_set=
ac_cv_env_build_alias_value=
ac_cv_env_host_alias_set=
ac_cv_env_host_alias_value=
ac_cv_env_target_alias_set=
ac_cv_env_target_alias_value=
ac_cv_func_bind_textdomain_codeset=yes
ac_cv_func_connect=yes
ac_cv_func_dcgettext=yes
ac_cv_func_gethostbyname=yes
ac_cv_func_gethostbyname_r=yes
ac_cv_func_getpagesize=yes
ac_cv_func_memrchr=yes
ac_cv_func_mmap_fixed_mapped=yes
ac_cv_func_remove=yes
ac_cv_func_shmat=yes
ac_cv_have_x='have_x=yes	ac_x_includes='\'''\''	ac_x_libraries='\'''\'''
ac_cv_header_dlfcn_h=yes
ac_cv_header_inttypes_h=yes
ac_cv_header_libintl_h=yes
ac_cv_header_locale_h=yes
ac_cv_header_memory_h=yes
ac_cv_header_stdc=yes
ac_cv_header_stdint_h=yes
ac_cv_header_stdlib_h=yes
ac_cv_header_string_h=yes
ac_cv_header_strings_h=yes
ac_cv_header_sys_param_h=yes
ac_cv_header_sys_stat_h=yes
ac_cv_header_sys_types_h=yes
ac_cv_header_unistd_h=yes
ac_cv_host=x86_64-unknown-linux-gnu
ac_cv_lib_ICE_IceConnectionNumber=yes
ac_cv_lib_X11_main=yes
ac_cv_lib_z_zlibVersion=yes
ac_cv_objext=o
ac_cv_path_EGREP='/bin/grep -E'
ac_cv_path_FGREP='/bin/grep -F'
ac_cv_path_GCONFTOOL=/usr/bin/gconftool-2
ac_cv_path_GMSGFMT=/usr/bin/msgfmt
ac_cv_path_GREP=/bin/grep
ac_cv_path_INTLTOOL_EXTRACT=/usr/bin/intltool-extract
ac_cv_path_INTLTOOL_MERGE=/usr/bin/intltool-merge
ac_cv_path_INTLTOOL_PERL=/usr/bin/perl
ac_cv_path_INTLTOOL_UPDATE=/usr/bin/intltool-update
ac_cv_path_MSGFMT=/usr/bin/msgfmt
ac_cv_path_MSGMERGE=/usr/bin/msgmerge
ac_cv_path_SED=/bin/sed
ac_cv_path_XGETTEXT=/usr/bin/xgettext
ac_cv_path_ac_pt_PKG_CONFIG=/usr/bin/pkg-config
ac_cv_path_install='/usr/bin/install -c'
ac_cv_path_mkdir=/bin/mkdir
ac_cv_prog_AWK=gawk
ac_cv_prog_CPP='gcc -E'
ac_cv_prog_CXXCPP='g++ -E'
ac_cv_prog_SCROLLKEEPER=yes
ac_cv_prog_ac_ct_AR=ar
ac_cv_prog_ac_ct_CC=gcc
ac_cv_prog_ac_ct_CXX=g++
ac_cv_prog_ac_ct_MANIFEST_TOOL=mt
ac_cv_prog_ac_ct_OBJDUMP=objdump
ac_cv_prog_ac_ct_RANLIB=ranlib
ac_cv_prog_ac_ct_STRIP=strip
ac_cv_prog_cc_c89=
ac_cv_prog_cc_g=yes
ac_cv_prog_cxx_g=yes
ac_cv_prog_make_make_set=yes
ac_cv_search_strerror='none required'
am_cv_CC_dependencies_compiler_type=gcc3
am_cv_CXX_dependencies_compiler_type=gcc3
am_cv_make_support_nested_variables=yes
am_cv_prog_tar_ustar=gnutar
am_cv_val_LC_MESSAGES=yes
gdu_cv_have_gdu=yes
gdu_cv_version_required=0.3.2
gt_cv_func_dgettext_libc=yes
gt_cv_func_dgettext_libintl=no
gt_cv_func_ngettext_libc=yes
gt_cv_have_gettext=yes
lt_cv_ar_at_file=@
lt_cv_archive_cmds_need_lc=no
lt_cv_deplibs_check_method=pass_all
lt_cv_file_magic_cmd='$MAGIC_CMD'
lt_cv_file_magic_test_file=
lt_cv_ld_reload_flag=-r
lt_cv_nm_interface='BSD nm'
lt_cv_objdir=.libs
lt_cv_path_LD=/usr/bin/ld
lt_cv_path_LDCXX='/usr/bin/ld -m elf_x86_64'
lt_cv_path_NM='/usr/bin/nm -B'
lt_cv_path_mainfest_tool=no
lt_cv_prog_compiler_c_o=yes
lt_cv_prog_compiler_c_o_CXX=yes
lt_cv_prog_compiler_pic='-fPIC -DPIC'
lt_cv_prog_compiler_pic_CXX='-fPIC -DPIC'
lt_cv_prog_compiler_pic_works=yes
lt_cv_prog_compiler_pic_works_CXX=yes
lt_cv_prog_compiler_rtti_exceptions=no
lt_cv_prog_compiler_static_works=yes
lt_cv_prog_compiler_static_works_CXX=yes
lt_cv_prog_gnu_ld=yes
lt_cv_prog_gnu_ldcxx=yes
lt_cv_sharedlib_from_linklib_cmd='printf %s\n'
lt_cv_shlibpath_overrides_runpath=no
lt_cv_sys_global_symbol_pipe='sed -n -e '\''s/^.*[	 ]\([ABCDGIRSTW][ABCDGIRSTW]*\)[	 ][	 ]*\([_A-Za-z][_A-Za-z0-9]*\)$/\1 \2 \2/p'\'' | sed '\''/ __gnu_lto/d'\'''
lt_cv_sys_global_symbol_to_c_name_address='sed -n -e '\''s/^: \([^ ]*\)[ ]*$/  {\"\1\", (void *) 0},/p'\'' -e '\''s/^[ABCDGIRSTW]* \([^ ]*\) \([^ ]*\)$/  {"\2", (void *) \&\2},/p'\'''
lt_cv_sys_global_symbol_to_c_name_address_lib_prefix='sed -n -e '\''s/^: \([^ ]*\)[ ]*$/  {\"\1\", (void *) 0},/p'\'' -e '\''s/^[ABCDGIRSTW]* \([^ ]*\) \(lib[^ ]*\)$/  {"\2", (void *) \&\2},/p'\'' -e '\''s/^[ABCDGIRSTW]* \([^ ]*\) \([^ ]*\)$/  {"lib\2", (void *) \&\2},/p'\'''
lt_cv_sys_global_symbol_to_cdecl='sed -n -e '\''s/^T .* \(.*\)$/extern int \1();/p'\'' -e '\''s/^[ABCDGIRSTW]* .* \(.*\)$/extern char \1;/p'\'''
lt_cv_sys_max_cmd_len=1572864
lt_cv_to_host_file_cmd=func_convert_file_noop
lt_cv_to_tool_file_cmd=func_convert_file_noop
pkg_cv_STARDICT_CFLAGS='-pthread -DORBIT2=1 -D_REENTRANT -I/usr/include/gtk-2.0 -I/usr/lib/x86_64-linux-gnu/gtk-2.0/include -I/usr/include/atk-1.0 -I/usr/include/cairo -I/usr/include/gdk-pixbuf-2.0 -I/usr/include/pango-1.0 -I/usr/include/gio-unix-2.0/ -I/usr/include/freetype2 -I/usr/include/glib-2.0 -I/usr/lib/x86_64-linux-gnu/glib-2.0/include -I/usr/include/pixman-1 -I/usr/include/libpng12 -I/usr/include/harfbuzz -I/usr/include/libgnome-2.0 -I/usr/include/orbit-2.0 -I/usr/include/gconf/2 -I/usr/include/gnome-vfs-2.0 -I/usr/lib/x86_64-linux-gnu/gnome-vfs-2.0/include -I/usr/include/libbonobo-2.0 -I/usr/include/dbus-1.0 -I/usr/lib/x86_64-linux-gnu/dbus-1.0/include -I/usr/include/bonobo-activation-2.0  '
pkg_cv_STARDICT_LIBS='-Wl,--export-dynamic -pthread -lgtk-x11-2.0 -lgdk-x11-2.0 -latk-1.0 -lgio-2.0 -lpangoft2-1.0 -lpangocairo-1.0 -lgdk_pixbuf-2.0 -lcairo -lpango-1.0 -lfontconfig -lfreetype -lgnome-2 -lpopt -lbonobo-2 -lbonobo-activation -lgmodule-2.0 -lORBit-2 -lgthread-2.0 -lgobject-2.0 -lgconf-2 -lglib-2.0  '
sigc_cv_cxx_has_namespace_std=yes
sigc_cv_cxx_has_sun_reverse_iterator=no

## ----------------- ##
## Output variables. ##
## ----------------- ##

ACLOCAL='${SHELL} /usr/local/google/home/vvasuki/Downloads/stardict-3.0.5/dict/missing aclocal-1.13'
ADVERTISEMENT_PLUGIN_DIR='stardict-advertisement-plugin'
ALL_LINGUAS=''
AMDEPBACKSLASH='\'
AMDEP_FALSE='#'
AMDEP_TRUE=''
AMTAR='$${TAR-tar}'
AM_BACKSLASH='\'
AM_DEFAULT_V='$(AM_DEFAULT_VERBOSITY)'
AM_DEFAULT_VERBOSITY='1'
AM_V='$(V)'
AR='ar'
AUTOCONF='${SHELL} /usr/local/google/home/vvasuki/Downloads/stardict-3.0.5/dict/missing autoconf'
AUTOHEADER='${SHELL} /usr/local/google/home/vvasuki/Downloads/stardict-3.0.5/dict/missing autoheader'
AUTOMAKE='${SHELL} /usr/local/google/home/vvasuki/Downloads/stardict-3.0.5/dict/missing automake-1.13'
AWK='gawk'
BONOBO_ACTIVATION_IDL='/usr/share/idl/bonobo-activation-2.0'
CATALOGS=''
CATOBJEXT='.gmo'
CC='gcc'
CCDEPMODE='depmode=gcc3'
CFLAGS='-g -O2'
COMMONLIB_INCLUDE_DIR='../lib/src'
COMMONLIB_LIBRARY='../lib/src/libcommon.la'
CPP='gcc -E'
CPPFLAGS=''
CXX='g++'
CXXCPP='g++ -E'
CXXDEPMODE='depmode=gcc3'
CXXFLAGS='-g -O2'
CYGPATH_W='echo'
DARWIN_SUPPORT_FALSE=''
DARWIN_SUPPORT_TRUE='#'
DATADIRNAME='share'
DEFS='-DHAVE_CONFIG_H'
DEPDIR='.deps'
DICTDOTCN_PLUGIN_DIR='stardict-dictdotcn-plugin'
DISTCHECK_CONFIGURE_FLAGS='--disable-scrollkeeper '
DLLTOOL='false'
DOC_USER_FORMATS=''
DSYMUTIL=''
DUMPBIN=''
ECHO_C=''
ECHO_N='-n'
ECHO_T=''
EGREP='/bin/grep -E'
ENABLE_SK_FALSE='#'
ENABLE_SK_TRUE=''
ENCHANT_CFLAGS=''
ENCHANT_LIBS=''
ESPEAK_CFLAGS=''
ESPEAK_LIBS=''
ESPEAK_PLUGIN_DIR=''
EXEEXT=''
FESTIVAL_CFLAGS=''
FESTIVAL_LIBS=''
FESTIVAL_PLUGIN_DIR=''
FGREP='/bin/grep -F'
GCONFTOOL='/usr/bin/gconftool-2'
GCONF_SCHEMAS_INSTALL_FALSE='#'
GCONF_SCHEMAS_INSTALL_TRUE=''
GCONF_SCHEMA_CONFIG_SOURCE='xml:merged:/etc/gconf/gconf.xml.defaults'
GCONF_SCHEMA_FILE_DIR='$(sysconfdir)/gconf/schemas'
GETTEXT_PACKAGE='stardict'
GMOFILES=''
GMSGFMT='/usr/bin/msgfmt'
GNOME_SUPPORT_FALSE='#'
GNOME_SUPPORT_TRUE=''
GPE_SUPPORT_FALSE=''
GPE_SUPPORT_TRUE='#'
GREP='/bin/grep'
GUCHARMAP_CFLAGS=''
GUCHARMAP_LIBS=''
GUCHARMAP_PLUGIN_DIR=''
HAVE_GNOME_DOC_UTILS_FALSE='#'
HAVE_GNOME_DOC_UTILS_TRUE=''
HELP_DIR='${datadir}/gnome/help'
HTML_PARSEDATA_PLUGIN_DIR='stardict-html-parsedata-plugin'
INSTALL_DATA='${INSTALL} -m 644'
INSTALL_PROGRAM='${INSTALL}'
INSTALL_SCRIPT='${INSTALL}'
INSTALL_STRIP_PROGRAM='$(install_sh) -c -s'
INSTOBJEXT='.mo'
INTLLIBS=''
INTLTOOL_CAVES_RULE='%.caves:     %.caves.in     $(INTLTOOL_MERGE) $(wildcard $(top_srcdir)/po/*.po) ; $(INTLTOOL_V_MERGE)LC_ALL=C $(INTLTOOL_MERGE) $(INTLTOOL_V_MERGE_OPTIONS) -d -u -c $(top_builddir)/po/.intltool-merge-cache $(top_srcdir)/po $< $@'
INTLTOOL_DESKTOP_RULE='%.desktop:   %.desktop.in   $(INTLTOOL_MERGE) $(wildcard $(top_srcdir)/po/*.po) ; $(INTLTOOL_V_MERGE)LC_ALL=C $(INTLTOOL_MERGE) $(INTLTOOL_V_MERGE_OPTIONS) -d -u -c $(top_builddir)/po/.intltool-merge-cache $(top_srcdir)/po $< $@'
INTLTOOL_DIRECTORY_RULE='%.directory: %.directory.in $(INTLTOOL_MERGE) $(wildcard $(top_srcdir)/po/*.po) ; $(INTLTOOL_V_MERGE)LC_ALL=C $(INTLTOOL_MERGE) $(INTLTOOL_V_MERGE_OPTIONS) -d -u -c $(top_builddir)/po/.intltool-merge-cache $(top_srcdir)/po $< $@'
INTLTOOL_EXTRACT='/usr/bin/intltool-extract'
INTLTOOL_KBD_RULE='%.kbd:       %.kbd.in       $(INTLTOOL_MERGE) $(wildcard $(top_srcdir)/po/*.po) ; $(INTLTOOL_V_MERGE)LC_ALL=C $(INTLTOOL_MERGE) $(INTLTOOL_V_MERGE_OPTIONS) -x -u -m -c $(top_builddir)/po/.intltool-merge-cache $(top_srcdir)/po $< $@'
INTLTOOL_KEYS_RULE='%.keys:      %.keys.in      $(INTLTOOL_MERGE) $(wildcard $(top_srcdir)/po/*.po) ; $(INTLTOOL_V_MERGE)LC_ALL=C $(INTLTOOL_MERGE) $(INTLTOOL_V_MERGE_OPTIONS) -k -u -c $(top_builddir)/po/.intltool-merge-cache $(top_srcdir)/po $< $@'
INTLTOOL_MERGE='/usr/bin/intltool-merge'
INTLTOOL_OAF_RULE='%.oaf:       %.oaf.in       $(INTLTOOL_MERGE) $(wildcard $(top_srcdir)/po/*.po) ; $(INTLTOOL_V_MERGE)LC_ALL=C $(INTLTOOL_MERGE) $(INTLTOOL_V_MERGE_OPTIONS) -o -p $(top_srcdir)/po $< $@'
INTLTOOL_PERL='/usr/bin/perl'
INTLTOOL_POLICY_RULE='%.policy:    %.policy.in    $(INTLTOOL_MERGE) $(wildcard $(top_srcdir)/po/*.po) ; $(INTLTOOL_V_MERGE)LC_ALL=C $(INTLTOOL_MERGE) $(INTLTOOL_V_MERGE_OPTIONS) -x -u -c $(top_builddir)/po/.intltool-merge-cache $(top_srcdir)/po $< $@'
INTLTOOL_PONG_RULE='%.pong:      %.pong.in      $(INTLTOOL_MERGE) $(wildcard $(top_srcdir)/po/*.po) ; $(INTLTOOL_V_MERGE)LC_ALL=C $(INTLTOOL_MERGE) $(INTLTOOL_V_MERGE_OPTIONS) -x -u -c $(top_builddir)/po/.intltool-merge-cache $(top_srcdir)/po $< $@'
INTLTOOL_PROP_RULE='%.prop:      %.prop.in      $(INTLTOOL_MERGE) $(wildcard $(top_srcdir)/po/*.po) ; $(INTLTOOL_V_MERGE)LC_ALL=C $(INTLTOOL_MERGE) $(INTLTOOL_V_MERGE_OPTIONS) -d -u -c $(top_builddir)/po/.intltool-merge-cache $(top_srcdir)/po $< $@'
INTLTOOL_SCHEMAS_RULE='%.schemas:   %.schemas.in   $(INTLTOOL_MERGE) $(wildcard $(top_srcdir)/po/*.po) ; $(INTLTOOL_V_MERGE)LC_ALL=C $(INTLTOOL_MERGE) $(INTLTOOL_V_MERGE_OPTIONS) -s -u -c $(top_builddir)/po/.intltool-merge-cache $(top_srcdir)/po $< $@'
INTLTOOL_SERVER_RULE='%.server:    %.server.in    $(INTLTOOL_MERGE) $(wildcard $(top_srcdir)/po/*.po) ; $(INTLTOOL_V_MERGE)LC_ALL=C $(INTLTOOL_MERGE) $(INTLTOOL_V_MERGE_OPTIONS) -o -u -c $(top_builddir)/po/.intltool-merge-cache $(top_srcdir)/po $< $@'
INTLTOOL_SERVICE_RULE='%.service: %.service.in   $(INTLTOOL_MERGE) $(wildcard $(top_srcdir)/po/*.po) ; $(INTLTOOL_V_MERGE)LC_ALL=C $(INTLTOOL_MERGE) $(INTLTOOL_V_MERGE_OPTIONS) -d -u -c $(top_builddir)/po/.intltool-merge-cache $(top_srcdir)/po $< $@'
INTLTOOL_SHEET_RULE='%.sheet:     %.sheet.in     $(INTLTOOL_MERGE) $(wildcard $(top_srcdir)/po/*.po) ; $(INTLTOOL_V_MERGE)LC_ALL=C $(INTLTOOL_MERGE) $(INTLTOOL_V_MERGE_OPTIONS) -x -u -c $(top_builddir)/po/.intltool-merge-cache $(top_srcdir)/po $< $@'
INTLTOOL_SOUNDLIST_RULE='%.soundlist: %.soundlist.in $(INTLTOOL_MERGE) $(wildcard $(top_srcdir)/po/*.po) ; $(INTLTOOL_V_MERGE)LC_ALL=C $(INTLTOOL_MERGE) $(INTLTOOL_V_MERGE_OPTIONS) -d -u -c $(top_builddir)/po/.intltool-merge-cache $(top_srcdir)/po $< $@'
INTLTOOL_THEME_RULE='%.theme:     %.theme.in     $(INTLTOOL_MERGE) $(wildcard $(top_srcdir)/po/*.po) ; $(INTLTOOL_V_MERGE)LC_ALL=C $(INTLTOOL_MERGE) $(INTLTOOL_V_MERGE_OPTIONS) -d -u -c $(top_builddir)/po/.intltool-merge-cache $(top_srcdir)/po $< $@'
INTLTOOL_UI_RULE='%.ui:        %.ui.in        $(INTLTOOL_MERGE) $(wildcard $(top_srcdir)/po/*.po) ; $(INTLTOOL_V_MERGE)LC_ALL=C $(INTLTOOL_MERGE) $(INTLTOOL_V_MERGE_OPTIONS) -x -u -c $(top_builddir)/po/.intltool-merge-cache $(top_srcdir)/po $< $@'
INTLTOOL_UPDATE='/usr/bin/intltool-update'
INTLTOOL_V_MERGE='$(INTLTOOL__v_MERGE_$(V))'
INTLTOOL_V_MERGE_OPTIONS='$(intltool__v_merge_options_$(V))'
INTLTOOL_XAM_RULE='%.xam:       %.xml.in       $(INTLTOOL_MERGE) $(wildcard $(top_srcdir)/po/*.po) ; $(INTLTOOL_V_MERGE)LC_ALL=C $(INTLTOOL_MERGE) $(INTLTOOL_V_MERGE_OPTIONS) -x -u -c $(top_builddir)/po/.intltool-merge-cache $(top_srcdir)/po $< $@'
INTLTOOL_XML_NOMERGE_RULE='%.xml:       %.xml.in       $(INTLTOOL_MERGE) ; $(INTLTOOL_V_MERGE)LC_ALL=C $(INTLTOOL_MERGE) $(INTLTOOL_V_MERGE_OPTIONS) -x -u --no-translations $< $@'
INTLTOOL_XML_RULE='%.xml:       %.xml.in       $(INTLTOOL_MERGE) $(wildcard $(top_srcdir)/po/*.po) ; $(INTLTOOL_V_MERGE)LC_ALL=C $(INTLTOOL_MERGE) $(INTLTOOL_V_MERGE_OPTIONS) -x -u -c $(top_builddir)/po/.intltool-merge-cache $(top_srcdir)/po $< $@'
INTLTOOL__v_MERGE_0='@echo "  ITMRG " $@;'
INTLTOOL__v_MERGE_='$(INTLTOOL__v_MERGE_$(AM_DEFAULT_VERBOSITY))'
LD='/usr/bin/ld -m elf_x86_64'
LDFLAGS='  -lSM -lICE'
LIBBONOBO_IDL='/usr/share/idl/bonobo-2.0'
LIBOBJS=''
LIBS='-lX11 '
LIBTOOL='$(SHELL) $(top_builddir)/libtool'
LIPO=''
LN_S='ln -s'
LTLIBOBJS=''
MAEMO_SUPPORT_FALSE=''
MAEMO_SUPPORT_TRUE='#'
MAKEINFO='${SHELL} /usr/local/google/home/vvasuki/Downloads/stardict-3.0.5/dict/missing makeinfo'
MANIFEST_TOOL=':'
MAN_PLUGIN_DIR='stardict-man-plugin'
MKDIR_P='/bin/mkdir -p'
MKINSTALLDIRS='./mkinstalldirs'
MSGFMT='/usr/bin/msgfmt'
MSGFMT_OPTS='-c'
MSGMERGE='/usr/bin/msgmerge'
NM='/usr/bin/nm -B'
NMEDIT=''
OBJDUMP='objdump'
OBJEXT='o'
OMF_DIR='${datadir}/omf'
ORBIT_IDL='/usr/bin/orbit-idl-2'
OTOOL64=''
OTOOL=''
PACKAGE='stardict'
PACKAGE_BUGREPORT='http://www.stardict.org'
PACKAGE_NAME='StarDict'
PACKAGE_STRING='StarDict 3.0.5'
PACKAGE_TARNAME='stardict'
PACKAGE_URL=''
PACKAGE_VERSION='3.0.5'
PATH_SEPARATOR=':'
PKG_CONFIG='/usr/bin/pkg-config'
PKG_CONFIG_LIBDIR=''
PKG_CONFIG_PATH=''
POFILES=''
POSUB='po'
POWERWORD_PARSEDATA_PLUGIN_DIR='stardict-powerword-parsedata-plugin'
PO_IN_DATADIR_FALSE=''
PO_IN_DATADIR_TRUE=''
QQWRY_PLUGIN_DIR='stardict-qqwry-plugin'
RANLIB='ranlib'
SCROLLKEEPER='yes'
SED='/bin/sed'
SET_MAKE=''
SHELL='/bin/sh'
SIGCPP_CFLAGS=''
SIGCPP_LIBS=''
SPELL_PLUGIN_DIR=''
STARDICT_CFLAGS='-Wall -pthread -DORBIT2=1 -D_REENTRANT -I/usr/include/gtk-2.0 -I/usr/lib/x86_64-linux-gnu/gtk-2.0/include -I/usr/include/atk-1.0 -I/usr/include/cairo -I/usr/include/gdk-pixbuf-2.0 -I/usr/include/pango-1.0 -I/usr/include/gio-unix-2.0/ -I/usr/include/freetype2 -I/usr/include/glib-2.0 -I/usr/lib/x86_64-linux-gnu/glib-2.0/include -I/usr/include/pixman-1 -I/usr/include/libpng12 -I/usr/include/harfbuzz -I/usr/include/libgnome-2.0 -I/usr/include/orbit-2.0 -I/usr/include/gconf/2 -I/usr/include/gnome-vfs-2.0 -I/usr/lib/x86_64-linux-gnu/gnome-vfs-2.0/include -I/usr/include/libbonobo-2.0 -I/usr/include/dbus-1.0 -I/usr/lib/x86_64-linux-gnu/dbus-1.0/include -I/usr/include/bonobo-activation-2.0  '
STARDICT_LIBS='-Wl,--export-dynamic -pthread -lgtk-x11-2.0 -lgdk-x11-2.0 -latk-1.0 -lgio-2.0 -lpangoft2-1.0 -lpangocairo-1.0 -lgdk_pixbuf-2.0 -lcairo -lpango-1.0 -lfontconfig -lfreetype -lgnome-2 -lpopt -lbonobo-2 -lbonobo-activation -lgmodule-2.0 -lORBit-2 -lgthread-2.0 -lgobject-2.0 -lgconf-2 -lglib-2.0   -lz'
STRIP='strip'
UPDATE_INFO_PLUGIN_DIR='stardict-update-info-plugin'
USE_NLS='yes'
USE_SYSTEM_SIGCPP_FALSE=''
USE_SYSTEM_SIGCPP_TRUE='#'
VERSION='3.0.5'
WIKI_PARSEDATA_PLUGIN_DIR='stardict-wiki-parsedata-plugin'
WORDNET_PLUGIN_DIR='stardict-wordnet-plugin'
XDXF_PARSEDATA_PLUGIN_DIR='stardict-xdxf-parsedata-plugin'
XGETTEXT='/usr/bin/xgettext'
XMKMF=''
X_CFLAGS=''
X_EXTRA_LIBS=''
X_LIBS=''
X_PRE_LIBS=' -lSM -lICE'
ac_ct_AR='ar'
ac_ct_CC='gcc'
ac_ct_CXX='g++'
ac_ct_DUMPBIN=''
am__EXEEXT_FALSE=''
am__EXEEXT_TRUE='#'
am__fastdepCC_FALSE='#'
am__fastdepCC_TRUE=''
am__fastdepCXX_FALSE='#'
am__fastdepCXX_TRUE=''
am__include='include'
am__isrc=''
am__leading_dot='.'
am__nodep='_no'
am__quote=''
am__tar='tar --format=ustar -chf - "$$tardir"'
am__untar='tar -xf -'
bindir='${exec_prefix}/bin'
build='x86_64-unknown-linux-gnu'
build_alias=''
build_cpu='x86_64'
build_os='linux-gnu'
build_vendor='unknown'
datadir='${datarootdir}'
datarootdir='${prefix}/share'
docdir='${datarootdir}/doc/${PACKAGE_TARNAME}'
dvidir='${docdir}'
exec_prefix='${prefix}'
host='x86_64-unknown-linux-gnu'
host_alias=''
host_cpu='x86_64'
host_os='linux-gnu'
host_vendor='unknown'
htmldir='${docdir}'
includedir='${prefix}/include'
infodir='${datarootdir}/info'
install_sh='${SHELL} /usr/local/google/home/vvasuki/Downloads/stardict-3.0.5/dict/install-sh'
intltool__v_merge_options_0='-q'
intltool__v_merge_options_='$(intltool__v_merge_options_$(AM_DEFAULT_VERBOSITY))'
libdir='${exec_prefix}/lib'
libexecdir='${exec_prefix}/libexec'
localedir='${datarootdir}/locale'
localstatedir='${prefix}/var'
mandir='${datarootdir}/man'
mkdir_p='$(MKDIR_P)'
oldincludedir='/usr/include'
pdfdir='${docdir}'
prefix='/usr/local'
program_transform_name='s,x,x,'
psdir='${docdir}'
sbindir='${exec_prefix}/sbin'
sharedstatedir='${prefix}/com'
sysconfdir='${prefix}/etc'
target_alias=''

## ----------- ##
## confdefs.h. ##
## ----------- ##

/* confdefs.h */
#define PACKAGE_NAME "StarDict"
#define PACKAGE_TARNAME "stardict"
#define PACKAGE_VERSION "3.0.5"
#define PACKAGE_STRING "StarDict 3.0.5"
#define PACKAGE_BUGREPORT "http://www.stardict.org"
#define PACKAGE_URL ""
#define PACKAGE "stardict"
#define VERSION "3.0.5"
#define STDC_HEADERS 1
#define HAVE_SYS_TYPES_H 1
#define HAVE_SYS_STAT_H 1
#define HAVE_STDLIB_H 1
#define HAVE_STRING_H 1
#define HAVE_MEMORY_H 1
#define HAVE_STRINGS_H 1
#define HAVE_INTTYPES_H 1
#define HAVE_STDINT_H 1
#define HAVE_UNISTD_H 1
#define HAVE_DLFCN_H 1
#define LT_OBJDIR ".libs/"
#define HAVE_STDLIB_H 1
#define HAVE_UNISTD_H 1
#define HAVE_SYS_PARAM_H 1
#define HAVE_GETPAGESIZE 1
#define HAVE_MMAP 1
#define HAVE_GETHOSTBYNAME_R /**/
#define HAVE_MEMRCHR /**/
#define GETTEXT_PACKAGE "stardict"
#define HAVE_LOCALE_H 1
#define HAVE_LC_MESSAGES 1
#define HAVE_BIND_TEXTDOMAIN_CODESET 1
#define HAVE_GETTEXT 1
#define HAVE_DCGETTEXT 1
#define ENABLE_NLS 1
#define CONFIG_GNOME /**/
#define SIGC_GCC_TEMPLATE_SPECIALIZATION_OPERATOR_OVERLOAD 1
#define SIGC_MSVC_TEMPLATE_SPECIALIZATION_OPERATOR_OVERLOAD 1
#define SIGC_SELF_REFERENCE_IN_MEMBER_INITIALIZATION 1
#define SIGC_HAVE_NAMESPACE_STD 1
#define HAVE_LIBX11 1

configure: exit 0
