This file contains any messages produced by compilers while
running configure, to aid debugging if configure makes a mistake.

It was created by StarDict configure 3.0.5, which was
generated by GNU Autoconf 2.69.  Invocation command line was

  $ ./configure --disable-spell --disable-gucharmap --disable-festival --disable-espeak

## --------- ##
## Platform. ##
## --------- ##

hostname = vvasukigd1.sbo.corp.google.com
uname -m = x86_64
uname -r = 3.13.0-39-generic
uname -s = Linux
uname -v = #66-Ubuntu SMP Tue Oct 28 13:30:27 UTC 2014

/usr/bin/uname -p = unknown
/bin/uname -X     = unknown

/bin/arch              = unknown
/usr/bin/arch -k       = unknown
/usr/convex/getsysinfo = unknown
/usr/bin/hostinfo      = unknown
/bin/machine           = unknown
/usr/bin/oslevel       = unknown
/bin/universe          = unknown

PATH: /usr/local/google/home/vvasuki/bin
PATH: /google/data/ro/teams/mobile_eng_prod/android_sdk_linux/platform-tools
PATH: /usr/lib/google-golang/bin
PATH: /usr/local/buildtools/java/jdk/bin
PATH: /usr/local/sbin
PATH: /usr/local/bin
PATH: /usr/sbin
PATH: /usr/bin
PATH: /sbin
PATH: /bin


## ----------- ##
## Core tests. ##
## ----------- ##

configure:1764: checking for a BSD-compatible install
configure:1832: result: /usr/bin/install -c
configure:1843: checking whether build environment is sane
configure:1898: result: yes
configure:2049: checking for a thread-safe mkdir -p
configure:2088: result: /bin/mkdir -p
configure:2095: checking for gawk
configure:2111: found /usr/bin/gawk
configure:2122: result: gawk
configure:2133: checking whether make sets $(MAKE)
configure:2155: result: yes
configure:2184: checking whether make supports nested variables
configure:2201: result: yes
configure:2290: checking whether UID '168380' is supported by ustar format
configure:2293: result: yes
configure:2300: checking whether GID '5000' is supported by ustar format
configure:2303: result: yes
configure:2311: checking how to create a ustar tar archive
configure:2322: tar --version
tar (GNU tar) 1.27.1
Copyright (C) 2013 Free Software Foundation, Inc.
License GPLv3+: GNU GPL version 3 or later <http://gnu.org/licenses/gpl.html>.
This is free software: you are free to change and redistribute it.
There is NO WARRANTY, to the extent permitted by law.

Written by John Gilmore and Jay Fenlason.
configure:2325: $? = 0
configure:2365: tardir=conftest.dir && eval tar --format=ustar -chf - "$tardir" >conftest.tar
configure:2368: $? = 0
configure:2372: tar -xf - <conftest.tar
configure:2375: $? = 0
configure:2377: cat conftest.dir/file
GrepMe
configure:2380: $? = 0
configure:2393: result: gnutar
configure:2602: checking that generated files are newer than configure
configure:2608: result: done
configure:2624: creating ./config.status

## ---------------------- ##
## Running config.status. ##
## ---------------------- ##

This file was extended by StarDict config.status 3.0.5, which was
generated by GNU Autoconf 2.69.  Invocation command line was

  CONFIG_FILES    = 
  CONFIG_HEADERS  = 
  CONFIG_LINKS    = 
  CONFIG_COMMANDS = 
  $ ./config.status 

on vvasukigd1.sbo.corp.google.com

config.status:747: creating Makefile
configure:3709: === configuring in lib (/usr/local/google/home/vvasuki/Downloads/stardict-3.0.5/lib)
configure:3772: running /bin/sh ./configure --disable-option-checking '--prefix=/usr/local'  '--disable-spell' '--disable-gucharmap' '--disable-festival' '--disable-espeak' --cache-file=/dev/null --srcdir=.
configure:3709: === configuring in dict (/usr/local/google/home/vvasuki/Downloads/stardict-3.0.5/dict)
configure:3772: running /bin/sh ./configure --disable-option-checking '--prefix=/usr/local'  '--disable-spell' '--disable-gucharmap' '--disable-festival' '--disable-espeak' --cache-file=/dev/null --srcdir=.
configure:3709: === configuring in tools (/usr/local/google/home/vvasuki/Downloads/stardict-3.0.5/tools)
configure:3772: running /bin/sh ./configure --disable-option-checking '--prefix=/usr/local'  '--disable-spell' '--disable-gucharmap' '--disable-festival' '--disable-espeak' --cache-file=/dev/null --srcdir=.

## ---------------- ##
## Cache variables. ##
## ---------------- ##

ac_cv_env_build_alias_set=
ac_cv_env_build_alias_value=
ac_cv_env_host_alias_set=
ac_cv_env_host_alias_value=
ac_cv_env_target_alias_set=
ac_cv_env_target_alias_value=
ac_cv_path_install='/usr/bin/install -c'
ac_cv_path_mkdir=/bin/mkdir
ac_cv_prog_AWK=gawk
ac_cv_prog_make_make_set=yes
am_cv_make_support_nested_variables=yes
am_cv_prog_tar_ustar=gnutar

## ----------------- ##
## Output variables. ##
## ----------------- ##

ACLOCAL='${SHELL} /usr/local/google/home/vvasuki/Downloads/stardict-3.0.5/missing aclocal-1.13'
AMTAR='$${TAR-tar}'
AM_BACKSLASH='\'
AM_DEFAULT_V='$(AM_DEFAULT_VERBOSITY)'
AM_DEFAULT_VERBOSITY='1'
AM_V='$(V)'
AUTOCONF='${SHELL} /usr/local/google/home/vvasuki/Downloads/stardict-3.0.5/missing autoconf'
AUTOHEADER='${SHELL} /usr/local/google/home/vvasuki/Downloads/stardict-3.0.5/missing autoheader'
AUTOMAKE='${SHELL} /usr/local/google/home/vvasuki/Downloads/stardict-3.0.5/missing automake-1.13'
AWK='gawk'
BUILD_DICT_FALSE='#'
BUILD_DICT_TRUE=''
BUILD_TOOLS_FALSE='#'
BUILD_TOOLS_TRUE=''
CYGPATH_W='echo'
DEFS='-DPACKAGE_NAME=\"StarDict\" -DPACKAGE_TARNAME=\"stardict\" -DPACKAGE_VERSION=\"3.0.5\" -DPACKAGE_STRING=\"StarDict\ 3.0.5\" -DPACKAGE_BUGREPORT=\"http://www.stardict.org\" -DPACKAGE_URL=\"\" -DPACKAGE=\"stardict\" -DVERSION=\"3.0.5\"'
ECHO_C=''
ECHO_N='-n'
ECHO_T=''
INSTALL_DATA='${INSTALL} -m 644'
INSTALL_PROGRAM='${INSTALL}'
INSTALL_SCRIPT='${INSTALL}'
INSTALL_STRIP_PROGRAM='$(install_sh) -c -s'
LIBOBJS=''
LIBS=''
LTLIBOBJS=''
MAKEINFO='${SHELL} /usr/local/google/home/vvasuki/Downloads/stardict-3.0.5/missing makeinfo'
MKDIR_P='/bin/mkdir -p'
PACKAGE='stardict'
PACKAGE_BUGREPORT='http://www.stardict.org'
PACKAGE_NAME='StarDict'
PACKAGE_STRING='StarDict 3.0.5'
PACKAGE_TARNAME='stardict'
PACKAGE_URL=''
PACKAGE_VERSION='3.0.5'
PATH_SEPARATOR=':'
SET_MAKE=''
SHELL='/bin/sh'
STRIP=''
VERSION='3.0.5'
am__isrc=''
am__leading_dot='.'
am__tar='tar --format=ustar -chf - "$$tardir"'
am__untar='tar -xf -'
bindir='${exec_prefix}/bin'
build_alias=''
datadir='${datarootdir}'
datarootdir='${prefix}/share'
docdir='${datarootdir}/doc/${PACKAGE_TARNAME}'
dvidir='${docdir}'
exec_prefix='${prefix}'
host_alias=''
htmldir='${docdir}'
includedir='${prefix}/include'
infodir='${datarootdir}/info'
install_sh='${SHELL} /usr/local/google/home/vvasuki/Downloads/stardict-3.0.5/install-sh'
libdir='${exec_prefix}/lib'
libexecdir='${exec_prefix}/libexec'
localedir='${datarootdir}/locale'
localstatedir='${prefix}/var'
mandir='${datarootdir}/man'
mkdir_p='$(MKDIR_P)'
oldincludedir='/usr/include'
pdfdir='${docdir}'
prefix='/usr/local'
program_transform_name='s,x,x,'
psdir='${docdir}'
sbindir='${exec_prefix}/sbin'
sharedstatedir='${prefix}/com'
subdirs=' lib dict tools'
sysconfdir='${prefix}/etc'
target_alias=''

## ----------- ##
## confdefs.h. ##
## ----------- ##

/* confdefs.h */
#define PACKAGE_NAME "StarDict"
#define PACKAGE_TARNAME "stardict"
#define PACKAGE_VERSION "3.0.5"
#define PACKAGE_STRING "StarDict 3.0.5"
#define PACKAGE_BUGREPORT "http://www.stardict.org"
#define PACKAGE_URL ""
#define PACKAGE "stardict"
#define VERSION "3.0.5"

configure: exit 0
