This file contains any messages produced by compilers while
running configure, to aid debugging if configure makes a mistake.

It was created by StarDict tools configure 3.0.5, which was
generated by GNU Autoconf 2.69.  Invocation command line was

  $ ./configure --disable-option-checking --prefix=/usr/local --disable-spell --disable-gucharmap --disable-festival --disable-espeak --cache-file=/dev/null --srcdir=.

## --------- ##
## Platform. ##
## --------- ##

hostname = vvasukigd1.sbo.corp.google.com
uname -m = x86_64
uname -r = 3.13.0-39-generic
uname -s = Linux
uname -v = #66-Ubuntu SMP Tue Oct 28 13:30:27 UTC 2014

/usr/bin/uname -p = unknown
/bin/uname -X     = unknown

/bin/arch              = unknown
/usr/bin/arch -k       = unknown
/usr/convex/getsysinfo = unknown
/usr/bin/hostinfo      = unknown
/bin/machine           = unknown
/usr/bin/oslevel       = unknown
/bin/universe          = unknown

PATH: /usr/local/google/home/vvasuki/bin
PATH: /google/data/ro/teams/mobile_eng_prod/android_sdk_linux/platform-tools
PATH: /usr/lib/google-golang/bin
PATH: /usr/local/buildtools/java/jdk/bin
PATH: /usr/local/sbin
PATH: /usr/local/bin
PATH: /usr/sbin
PATH: /usr/bin
PATH: /sbin
PATH: /bin


## ----------- ##
## Core tests. ##
## ----------- ##

configure:2441: checking for a BSD-compatible install
configure:2509: result: /usr/bin/install -c
configure:2520: checking whether build environment is sane
configure:2575: result: yes
configure:2726: checking for a thread-safe mkdir -p
configure:2765: result: /bin/mkdir -p
configure:2772: checking for gawk
configure:2788: found /usr/bin/gawk
configure:2799: result: gawk
configure:2810: checking whether make sets $(MAKE)
configure:2832: result: yes
configure:2861: checking whether make supports nested variables
configure:2878: result: yes
configure:2967: checking whether UID '168380' is supported by ustar format
configure:2970: result: yes
configure:2977: checking whether GID '5000' is supported by ustar format
configure:2980: result: yes
configure:2988: checking how to create a ustar tar archive
configure:2999: tar --version
tar (GNU tar) 1.27.1
Copyright (C) 2013 Free Software Foundation, Inc.
License GPLv3+: GNU GPL version 3 or later <http://gnu.org/licenses/gpl.html>.
This is free software: you are free to change and redistribute it.
There is NO WARRANTY, to the extent permitted by law.

Written by John Gilmore and Jay Fenlason.
configure:3002: $? = 0
configure:3042: tardir=conftest.dir && eval tar --format=ustar -chf - "$tardir" >conftest.tar
configure:3045: $? = 0
configure:3049: tar -xf - <conftest.tar
configure:3052: $? = 0
configure:3054: cat conftest.dir/file
GrepMe
configure:3057: $? = 0
configure:3070: result: gnutar
configure:3112: checking build system type
configure:3126: result: x86_64-unknown-linux-gnu
configure:3146: checking host system type
configure:3159: result: x86_64-unknown-linux-gnu
configure:3200: checking how to print strings
configure:3227: result: printf
configure:3260: checking for style of include used by make
configure:3288: result: GNU
configure:3359: checking for gcc
configure:3375: found /usr/bin/gcc
configure:3386: result: gcc
configure:3615: checking for C compiler version
configure:3624: gcc --version >&5
gcc (Ubuntu 4.8.2-19ubuntu1) 4.8.2
Copyright (C) 2013 Free Software Foundation, Inc.
This is free software; see the source for copying conditions.  There is NO
warranty; not even for MERCHANTABILITY or FITNESS FOR A PARTICULAR PURPOSE.

configure:3635: $? = 0
configure:3624: gcc -v >&5
Using built-in specs.
COLLECT_GCC=gcc
COLLECT_LTO_WRAPPER=/usr/lib/gcc/x86_64-linux-gnu/4.8/lto-wrapper
Target: x86_64-linux-gnu
Configured with: ../src/configure -v --with-pkgversion='Ubuntu 4.8.2-19ubuntu1' --with-bugurl=file:///usr/share/doc/gcc-4.8/README.Bugs --enable-languages=c,c++,java,go,d,fortran,objc,obj-c++ --prefix=/usr --program-suffix=-4.8 --enable-shared --enable-linker-build-id --libexecdir=/usr/lib --without-included-gettext --enable-threads=posix --with-gxx-include-dir=/usr/include/c++/4.8 --libdir=/usr/lib --enable-nls --with-sysroot=/ --enable-clocale=gnu --enable-libstdcxx-debug --enable-libstdcxx-time=yes --enable-gnu-unique-object --disable-libmudflap --enable-plugin --with-system-zlib --disable-browser-plugin --enable-java-awt=gtk --enable-gtk-cairo --with-java-home=/usr/lib/jvm/java-1.5.0-gcj-4.8-amd64/jre --enable-java-home --with-jvm-root-dir=/usr/lib/jvm/java-1.5.0-gcj-4.8-amd64 --with-jvm-jar-dir=/usr/lib/jvm-exports/java-1.5.0-gcj-4.8-amd64 --with-arch-directory=amd64 --with-ecj-jar=/usr/share/java/eclipse-ecj.jar --enable-objc-gc --enable-multiarch --disable-werror --with-arch-32=i686 --with-abi=m64 --with-multilib-list=m32,m64,mx32 --with-tune=generic --enable-checking=release --build=x86_64-linux-gnu --host=x86_64-linux-gnu --target=x86_64-linux-gnu
Thread model: posix
gcc version 4.8.2 (Ubuntu 4.8.2-19ubuntu1) 
configure:3635: $? = 0
configure:3624: gcc -V >&5
gcc: error: unrecognized command line option '-V'
gcc: fatal error: no input files
compilation terminated.
configure:3635: $? = 4
configure:3624: gcc -qversion >&5
gcc: error: unrecognized command line option '-qversion'
gcc: fatal error: no input files
compilation terminated.
configure:3635: $? = 4
configure:3655: checking whether the C compiler works
configure:3677: gcc    conftest.c  >&5
configure:3681: $? = 0
configure:3729: result: yes
configure:3732: checking for C compiler default output file name
configure:3734: result: a.out
configure:3740: checking for suffix of executables
configure:3747: gcc -o conftest    conftest.c  >&5
configure:3751: $? = 0
configure:3773: result: 
configure:3795: checking whether we are cross compiling
configure:3803: gcc -o conftest    conftest.c  >&5
configure:3807: $? = 0
configure:3814: ./conftest
configure:3818: $? = 0
configure:3833: result: no
configure:3838: checking for suffix of object files
configure:3860: gcc -c   conftest.c >&5
configure:3864: $? = 0
configure:3885: result: o
configure:3889: checking whether we are using the GNU C compiler
configure:3908: gcc -c   conftest.c >&5
configure:3908: $? = 0
configure:3917: result: yes
configure:3926: checking whether gcc accepts -g
configure:3946: gcc -c -g  conftest.c >&5
configure:3946: $? = 0
configure:3987: result: yes
configure:4004: checking for gcc option to accept ISO C89
configure:4067: gcc  -c -g -O2  conftest.c >&5
configure:4067: $? = 0
configure:4080: result: none needed
configure:4102: checking dependency style of gcc
configure:4213: result: gcc3
configure:4228: checking for a sed that does not truncate output
configure:4292: result: /bin/sed
configure:4310: checking for grep that handles long lines and -e
configure:4368: result: /bin/grep
configure:4373: checking for egrep
configure:4435: result: /bin/grep -E
configure:4440: checking for fgrep
configure:4502: result: /bin/grep -F
configure:4537: checking for ld used by gcc
configure:4604: result: /usr/bin/ld
configure:4611: checking if the linker (/usr/bin/ld) is GNU ld
configure:4626: result: yes
configure:4638: checking for BSD- or MS-compatible name lister (nm)
configure:4687: result: /usr/bin/nm -B
configure:4817: checking the name lister (/usr/bin/nm -B) interface
configure:4824: gcc -c -g -O2  conftest.c >&5
configure:4827: /usr/bin/nm -B "conftest.o"
configure:4830: output
0000000000000000 B some_variable
configure:4837: result: BSD nm
configure:4840: checking whether ln -s works
configure:4844: result: yes
configure:4852: checking the maximum length of command line arguments
configure:4982: result: 1572864
configure:4999: checking whether the shell understands some XSI constructs
configure:5009: result: yes
configure:5013: checking whether the shell understands "+="
configure:5019: result: yes
configure:5054: checking how to convert x86_64-unknown-linux-gnu file names to x86_64-unknown-linux-gnu format
configure:5094: result: func_convert_file_noop
configure:5101: checking how to convert x86_64-unknown-linux-gnu file names to toolchain format
configure:5121: result: func_convert_file_noop
configure:5128: checking for /usr/bin/ld option to reload object files
configure:5135: result: -r
configure:5209: checking for objdump
configure:5225: found /usr/bin/objdump
configure:5236: result: objdump
configure:5268: checking how to recognize dependent libraries
configure:5470: result: pass_all
configure:5555: checking for dlltool
configure:5585: result: no
configure:5615: checking how to associate runtime and link libraries
configure:5642: result: printf %s\n
configure:5703: checking for ar
configure:5719: found /usr/bin/ar
configure:5730: result: ar
configure:5767: checking for archiver @FILE support
configure:5784: gcc -c -g -O2  conftest.c >&5
configure:5784: $? = 0
configure:5787: ar cru libconftest.a @conftest.lst >&5
configure:5790: $? = 0
configure:5795: ar cru libconftest.a @conftest.lst >&5
ar: conftest.o: No such file or directory
configure:5798: $? = 1
configure:5810: result: @
configure:5868: checking for strip
configure:5884: found /usr/bin/strip
configure:5895: result: strip
configure:5967: checking for ranlib
configure:5983: found /usr/bin/ranlib
configure:5994: result: ranlib
configure:6096: checking command to parse /usr/bin/nm -B output from gcc object
configure:6216: gcc -c -g -O2  conftest.c >&5
configure:6219: $? = 0
configure:6223: /usr/bin/nm -B conftest.o \| sed -n -e 's/^.*[ ]\([ABCDGIRSTW][ABCDGIRSTW]*\)[ ][ ]*\([_A-Za-z][_A-Za-z0-9]*\)$/\1 \2 \2/p' | sed '/ __gnu_lto/d' \> conftest.nm
configure:6226: $? = 0
configure:6292: gcc -o conftest -g -O2   conftest.c conftstm.o >&5
configure:6295: $? = 0
configure:6333: result: ok
configure:6370: checking for sysroot
configure:6400: result: no
configure:6477: gcc -c -g -O2  conftest.c >&5
configure:6480: $? = 0
configure:6662: checking for mt
configure:6678: found /bin/mt
configure:6689: result: mt
configure:6712: checking if mt is a manifest tool
configure:6718: mt '-?'
configure:6726: result: no
configure:7368: checking how to run the C preprocessor
configure:7399: gcc -E  conftest.c
configure:7399: $? = 0
configure:7413: gcc -E  conftest.c
conftest.c:11:28: fatal error: ac_nonexistent.h: No such file or directory
 #include <ac_nonexistent.h>
                            ^
compilation terminated.
configure:7413: $? = 1
configure: failed program was:
| /* confdefs.h */
| #define PACKAGE_NAME "StarDict tools"
| #define PACKAGE_TARNAME "stardict-tools"
| #define PACKAGE_VERSION "3.0.5"
| #define PACKAGE_STRING "StarDict tools 3.0.5"
| #define PACKAGE_BUGREPORT "http://www.stardict.org"
| #define PACKAGE_URL ""
| #define PACKAGE "stardict-tools"
| #define VERSION "3.0.5"
| /* end confdefs.h.  */
| #include <ac_nonexistent.h>
configure:7438: result: gcc -E
configure:7458: gcc -E  conftest.c
configure:7458: $? = 0
configure:7472: gcc -E  conftest.c
conftest.c:11:28: fatal error: ac_nonexistent.h: No such file or directory
 #include <ac_nonexistent.h>
                            ^
compilation terminated.
configure:7472: $? = 1
configure: failed program was:
| /* confdefs.h */
| #define PACKAGE_NAME "StarDict tools"
| #define PACKAGE_TARNAME "stardict-tools"
| #define PACKAGE_VERSION "3.0.5"
| #define PACKAGE_STRING "StarDict tools 3.0.5"
| #define PACKAGE_BUGREPORT "http://www.stardict.org"
| #define PACKAGE_URL ""
| #define PACKAGE "stardict-tools"
| #define VERSION "3.0.5"
| /* end confdefs.h.  */
| #include <ac_nonexistent.h>
configure:7501: checking for ANSI C header files
configure:7521: gcc -c -g -O2  conftest.c >&5
configure:7521: $? = 0
configure:7594: gcc -o conftest -g -O2   conftest.c  >&5
configure:7594: $? = 0
configure:7594: ./conftest
configure:7594: $? = 0
configure:7605: result: yes
configure:7618: checking for sys/types.h
configure:7618: gcc -c -g -O2  conftest.c >&5
configure:7618: $? = 0
configure:7618: result: yes
configure:7618: checking for sys/stat.h
configure:7618: gcc -c -g -O2  conftest.c >&5
configure:7618: $? = 0
configure:7618: result: yes
configure:7618: checking for stdlib.h
configure:7618: gcc -c -g -O2  conftest.c >&5
configure:7618: $? = 0
configure:7618: result: yes
configure:7618: checking for string.h
configure:7618: gcc -c -g -O2  conftest.c >&5
configure:7618: $? = 0
configure:7618: result: yes
configure:7618: checking for memory.h
configure:7618: gcc -c -g -O2  conftest.c >&5
configure:7618: $? = 0
configure:7618: result: yes
configure:7618: checking for strings.h
configure:7618: gcc -c -g -O2  conftest.c >&5
configure:7618: $? = 0
configure:7618: result: yes
configure:7618: checking for inttypes.h
configure:7618: gcc -c -g -O2  conftest.c >&5
configure:7618: $? = 0
configure:7618: result: yes
configure:7618: checking for stdint.h
configure:7618: gcc -c -g -O2  conftest.c >&5
configure:7618: $? = 0
configure:7618: result: yes
configure:7618: checking for unistd.h
configure:7618: gcc -c -g -O2  conftest.c >&5
configure:7618: $? = 0
configure:7618: result: yes
configure:7632: checking for dlfcn.h
configure:7632: gcc -c -g -O2  conftest.c >&5
configure:7632: $? = 0
configure:7632: result: yes
configure:7838: checking for objdir
configure:7853: result: .libs
configure:8124: checking if gcc supports -fno-rtti -fno-exceptions
configure:8142: gcc -c -g -O2  -fno-rtti -fno-exceptions conftest.c >&5
cc1: warning: command line option '-fno-rtti' is valid for C++/ObjC++ but not for C [enabled by default]
configure:8146: $? = 0
configure:8159: result: no
configure:8486: checking for gcc option to produce PIC
configure:8493: result: -fPIC -DPIC
configure:8501: checking if gcc PIC flag -fPIC -DPIC works
configure:8519: gcc -c -g -O2  -fPIC -DPIC -DPIC conftest.c >&5
configure:8523: $? = 0
configure:8536: result: yes
configure:8565: checking if gcc static flag -static works
configure:8593: result: yes
configure:8608: checking if gcc supports -c -o file.o
configure:8629: gcc -c -g -O2  -o out/conftest2.o conftest.c >&5
configure:8633: $? = 0
configure:8655: result: yes
configure:8663: checking if gcc supports -c -o file.o
configure:8710: result: yes
configure:8743: checking whether the gcc linker (/usr/bin/ld -m elf_x86_64) supports shared libraries
configure:9896: result: yes
configure:9933: checking whether -lc should be explicitly linked in
configure:9941: gcc -c -g -O2  conftest.c >&5
configure:9944: $? = 0
configure:9959: gcc -shared  -fPIC -DPIC conftest.o  -v -Wl,-soname -Wl,conftest -o conftest 2\>\&1 \| /bin/grep  -lc  \>/dev/null 2\>\&1
configure:9962: $? = 0
configure:9976: result: no
configure:10136: checking dynamic linker characteristics
configure:10647: gcc -o conftest -g -O2   -Wl,-rpath -Wl,/foo conftest.c  >&5
configure:10647: $? = 0
configure:10873: result: GNU/Linux ld.so
configure:10980: checking how to hardcode library paths into programs
configure:11005: result: immediate
configure:11545: checking whether stripping libraries is possible
configure:11550: result: yes
configure:11585: checking if libtool supports shared libraries
configure:11587: result: yes
configure:11590: checking whether to build shared libraries
configure:11611: result: yes
configure:11614: checking whether to build static libraries
configure:11618: result: yes
configure:11706: checking for gcc
configure:11733: result: gcc
configure:11962: checking for C compiler version
configure:11971: gcc --version >&5
gcc (Ubuntu 4.8.2-19ubuntu1) 4.8.2
Copyright (C) 2013 Free Software Foundation, Inc.
This is free software; see the source for copying conditions.  There is NO
warranty; not even for MERCHANTABILITY or FITNESS FOR A PARTICULAR PURPOSE.

configure:11982: $? = 0
configure:11971: gcc -v >&5
Using built-in specs.
COLLECT_GCC=gcc
COLLECT_LTO_WRAPPER=/usr/lib/gcc/x86_64-linux-gnu/4.8/lto-wrapper
Target: x86_64-linux-gnu
Configured with: ../src/configure -v --with-pkgversion='Ubuntu 4.8.2-19ubuntu1' --with-bugurl=file:///usr/share/doc/gcc-4.8/README.Bugs --enable-languages=c,c++,java,go,d,fortran,objc,obj-c++ --prefix=/usr --program-suffix=-4.8 --enable-shared --enable-linker-build-id --libexecdir=/usr/lib --without-included-gettext --enable-threads=posix --with-gxx-include-dir=/usr/include/c++/4.8 --libdir=/usr/lib --enable-nls --with-sysroot=/ --enable-clocale=gnu --enable-libstdcxx-debug --enable-libstdcxx-time=yes --enable-gnu-unique-object --disable-libmudflap --enable-plugin --with-system-zlib --disable-browser-plugin --enable-java-awt=gtk --enable-gtk-cairo --with-java-home=/usr/lib/jvm/java-1.5.0-gcj-4.8-amd64/jre --enable-java-home --with-jvm-root-dir=/usr/lib/jvm/java-1.5.0-gcj-4.8-amd64 --with-jvm-jar-dir=/usr/lib/jvm-exports/java-1.5.0-gcj-4.8-amd64 --with-arch-directory=amd64 --with-ecj-jar=/usr/share/java/eclipse-ecj.jar --enable-objc-gc --enable-multiarch --disable-werror --with-arch-32=i686 --with-abi=m64 --with-multilib-list=m32,m64,mx32 --with-tune=generic --enable-checking=release --build=x86_64-linux-gnu --host=x86_64-linux-gnu --target=x86_64-linux-gnu
Thread model: posix
gcc version 4.8.2 (Ubuntu 4.8.2-19ubuntu1) 
configure:11982: $? = 0
configure:11971: gcc -V >&5
gcc: error: unrecognized command line option '-V'
gcc: fatal error: no input files
compilation terminated.
configure:11982: $? = 4
configure:11971: gcc -qversion >&5
gcc: error: unrecognized command line option '-qversion'
gcc: fatal error: no input files
compilation terminated.
configure:11982: $? = 4
configure:11986: checking whether we are using the GNU C compiler
configure:12014: result: yes
configure:12023: checking whether gcc accepts -g
configure:12084: result: yes
configure:12101: checking for gcc option to accept ISO C89
configure:12177: result: none needed
configure:12199: checking dependency style of gcc
configure:12310: result: gcc3
configure:12383: checking for g++
configure:12399: found /usr/bin/g++
configure:12410: result: g++
configure:12437: checking for C++ compiler version
configure:12446: g++ --version >&5
g++ (Ubuntu 4.8.2-19ubuntu1) 4.8.2
Copyright (C) 2013 Free Software Foundation, Inc.
This is free software; see the source for copying conditions.  There is NO
warranty; not even for MERCHANTABILITY or FITNESS FOR A PARTICULAR PURPOSE.

configure:12457: $? = 0
configure:12446: g++ -v >&5
Using built-in specs.
COLLECT_GCC=g++
COLLECT_LTO_WRAPPER=/usr/lib/gcc/x86_64-linux-gnu/4.8/lto-wrapper
Target: x86_64-linux-gnu
Configured with: ../src/configure -v --with-pkgversion='Ubuntu 4.8.2-19ubuntu1' --with-bugurl=file:///usr/share/doc/gcc-4.8/README.Bugs --enable-languages=c,c++,java,go,d,fortran,objc,obj-c++ --prefix=/usr --program-suffix=-4.8 --enable-shared --enable-linker-build-id --libexecdir=/usr/lib --without-included-gettext --enable-threads=posix --with-gxx-include-dir=/usr/include/c++/4.8 --libdir=/usr/lib --enable-nls --with-sysroot=/ --enable-clocale=gnu --enable-libstdcxx-debug --enable-libstdcxx-time=yes --enable-gnu-unique-object --disable-libmudflap --enable-plugin --with-system-zlib --disable-browser-plugin --enable-java-awt=gtk --enable-gtk-cairo --with-java-home=/usr/lib/jvm/java-1.5.0-gcj-4.8-amd64/jre --enable-java-home --with-jvm-root-dir=/usr/lib/jvm/java-1.5.0-gcj-4.8-amd64 --with-jvm-jar-dir=/usr/lib/jvm-exports/java-1.5.0-gcj-4.8-amd64 --with-arch-directory=amd64 --with-ecj-jar=/usr/share/java/eclipse-ecj.jar --enable-objc-gc --enable-multiarch --disable-werror --with-arch-32=i686 --with-abi=m64 --with-multilib-list=m32,m64,mx32 --with-tune=generic --enable-checking=release --build=x86_64-linux-gnu --host=x86_64-linux-gnu --target=x86_64-linux-gnu
Thread model: posix
gcc version 4.8.2 (Ubuntu 4.8.2-19ubuntu1) 
configure:12457: $? = 0
configure:12446: g++ -V >&5
g++: error: unrecognized command line option '-V'
g++: fatal error: no input files
compilation terminated.
configure:12457: $? = 4
configure:12446: g++ -qversion >&5
g++: error: unrecognized command line option '-qversion'
g++: fatal error: no input files
compilation terminated.
configure:12457: $? = 4
configure:12461: checking whether we are using the GNU C++ compiler
configure:12480: g++ -c   conftest.cpp >&5
configure:12480: $? = 0
configure:12489: result: yes
configure:12498: checking whether g++ accepts -g
configure:12518: g++ -c -g  conftest.cpp >&5
configure:12518: $? = 0
configure:12559: result: yes
configure:12584: checking dependency style of g++
configure:12695: result: gcc3
configure:12728: checking how to run the C++ preprocessor
configure:12755: g++ -E  conftest.cpp
configure:12755: $? = 0
configure:12769: g++ -E  conftest.cpp
conftest.cpp:23:28: fatal error: ac_nonexistent.h: No such file or directory
 #include <ac_nonexistent.h>
                            ^
compilation terminated.
configure:12769: $? = 1
configure: failed program was:
| /* confdefs.h */
| #define PACKAGE_NAME "StarDict tools"
| #define PACKAGE_TARNAME "stardict-tools"
| #define PACKAGE_VERSION "3.0.5"
| #define PACKAGE_STRING "StarDict tools 3.0.5"
| #define PACKAGE_BUGREPORT "http://www.stardict.org"
| #define PACKAGE_URL ""
| #define PACKAGE "stardict-tools"
| #define VERSION "3.0.5"
| #define STDC_HEADERS 1
| #define HAVE_SYS_TYPES_H 1
| #define HAVE_SYS_STAT_H 1
| #define HAVE_STDLIB_H 1
| #define HAVE_STRING_H 1
| #define HAVE_MEMORY_H 1
| #define HAVE_STRINGS_H 1
| #define HAVE_INTTYPES_H 1
| #define HAVE_STDINT_H 1
| #define HAVE_UNISTD_H 1
| #define HAVE_DLFCN_H 1
| #define LT_OBJDIR ".libs/"
| /* end confdefs.h.  */
| #include <ac_nonexistent.h>
configure:12794: result: g++ -E
configure:12814: g++ -E  conftest.cpp
configure:12814: $? = 0
configure:12828: g++ -E  conftest.cpp
conftest.cpp:23:28: fatal error: ac_nonexistent.h: No such file or directory
 #include <ac_nonexistent.h>
                            ^
compilation terminated.
configure:12828: $? = 1
configure: failed program was:
| /* confdefs.h */
| #define PACKAGE_NAME "StarDict tools"
| #define PACKAGE_TARNAME "stardict-tools"
| #define PACKAGE_VERSION "3.0.5"
| #define PACKAGE_STRING "StarDict tools 3.0.5"
| #define PACKAGE_BUGREPORT "http://www.stardict.org"
| #define PACKAGE_URL ""
| #define PACKAGE "stardict-tools"
| #define VERSION "3.0.5"
| #define STDC_HEADERS 1
| #define HAVE_SYS_TYPES_H 1
| #define HAVE_SYS_STAT_H 1
| #define HAVE_STDLIB_H 1
| #define HAVE_STRING_H 1
| #define HAVE_MEMORY_H 1
| #define HAVE_STRINGS_H 1
| #define HAVE_INTTYPES_H 1
| #define HAVE_STDINT_H 1
| #define HAVE_UNISTD_H 1
| #define HAVE_DLFCN_H 1
| #define LT_OBJDIR ".libs/"
| /* end confdefs.h.  */
| #include <ac_nonexistent.h>
configure:12997: checking for ld used by g++
configure:13064: result: /usr/bin/ld -m elf_x86_64
configure:13071: checking if the linker (/usr/bin/ld -m elf_x86_64) is GNU ld
configure:13086: result: yes
configure:13141: checking whether the g++ linker (/usr/bin/ld -m elf_x86_64) supports shared libraries
configure:14146: result: yes
configure:14182: g++ -c -g -O2  conftest.cpp >&5
configure:14185: $? = 0
configure:14705: checking for g++ option to produce PIC
configure:14712: result: -fPIC -DPIC
configure:14720: checking if g++ PIC flag -fPIC -DPIC works
configure:14738: g++ -c -g -O2  -fPIC -DPIC -DPIC conftest.cpp >&5
configure:14742: $? = 0
configure:14755: result: yes
configure:14778: checking if g++ static flag -static works
configure:14806: result: yes
configure:14818: checking if g++ supports -c -o file.o
configure:14839: g++ -c -g -O2  -o out/conftest2.o conftest.cpp >&5
configure:14843: $? = 0
configure:14865: result: yes
configure:14870: checking if g++ supports -c -o file.o
configure:14917: result: yes
configure:14947: checking whether the g++ linker (/usr/bin/ld -m elf_x86_64) supports shared libraries
configure:14983: result: yes
configure:15124: checking dynamic linker characteristics
configure:15795: result: GNU/Linux ld.so
configure:15848: checking how to hardcode library paths into programs
configure:15873: result: immediate
configure:15918: checking for ANSI C header files
configure:16022: result: yes
configure:16032: checking for stdlib.h
configure:16032: result: yes
configure:16101: checking for pkg-config
configure:16119: found /usr/bin/pkg-config
configure:16131: result: /usr/bin/pkg-config
configure:16156: checking pkg-config is at least version 0.9.0
configure:16159: result: yes
configure:16169: checking for STARDICT
configure:16176: $PKG_CONFIG --exists --print-errors "$DEP_MODULES"
configure:16179: $? = 0
configure:16193: $PKG_CONFIG --exists --print-errors "$DEP_MODULES"
configure:16196: $? = 0
configure:16254: result: yes
configure:16276: checking for mysql_config
configure:16295: found /usr/bin/mysql_config
configure:16308: result: /usr/bin/mysql_config
configure:16330: checking for MySQL CFLAGS
configure:16332: result: -I/usr/include/mysql -DBIG_JOINS=1  -fno-strict-aliasing   -g -DNDEBUG
configure:16334: checking for MySQL includes
configure:16336: result: -I/usr/include/mysql
configure:16338: checking for MySQL libraries
configure:16340: result: -L/usr/lib/x86_64-linux-gnu -lmysqlclient_r -lpthread -lz -lm -ldl
configure:16368: checking for DSL2DICT
configure:16375: $PKG_CONFIG --exists --print-errors "libpcre"
configure:16378: $? = 0
configure:16392: $PKG_CONFIG --exists --print-errors "libpcre"
configure:16395: $? = 0
configure:16453: result: yes
configure:16460: checking for getline
configure:16460: gcc -o conftest -g -O2   conftest.c  >&5
configure:16460: $? = 0
configure:16460: result: yes
configure:16460: checking for mempcpy
configure:16460: gcc -o conftest -g -O2   conftest.c  >&5
conftest.c:49:6: warning: conflicting types for built-in function 'mempcpy' [enabled by default]
 char mempcpy ();
      ^
configure:16460: $? = 0
configure:16460: result: yes
configure:16511: checking for ld used by gcc
configure:16578: result: /usr/bin/ld -m elf_x86_64
configure:16585: checking if the linker (/usr/bin/ld -m elf_x86_64) is GNU ld
configure:16600: result: yes
configure:16607: checking for shared library run path origin
configure:16620: result: done
configure:17198: checking for iconv
configure:17222: gcc -o conftest -g -O2   conftest.c  >&5
configure:17222: $? = 0
configure:17256: result: yes
configure:17259: checking for working iconv
configure:17379: gcc -o conftest -g -O2   conftest.c  >&5
configure:17379: $? = 0
configure:17379: ./conftest
configure:17379: $? = 0
configure:17391: result: yes
configure:17419: checking for iconv declaration
configure:17448: gcc -c -g -O2  conftest.c >&5
configure:17448: $? = 0
configure:17459: result:
         extern size_t iconv (iconv_t cd, char * *inbuf, size_t *inbytesleft, char * *outbuf, size_t *outbytesleft);
configure:17477: checking for LIBXML
configure:17484: $PKG_CONFIG --exists --print-errors "libxml-2.0 >= 2.5"
configure:17487: $? = 0
configure:17501: $PKG_CONFIG --exists --print-errors "libxml-2.0 >= 2.5"
configure:17504: $? = 0
configure:17562: result: yes
configure:17683: checking that generated files are newer than configure
configure:17689: result: done
configure:17720: creating ./config.status

## ---------------------- ##
## Running config.status. ##
## ---------------------- ##

This file was extended by StarDict tools config.status 3.0.5, which was
generated by GNU Autoconf 2.69.  Invocation command line was

  CONFIG_FILES    = 
  CONFIG_HEADERS  = 
  CONFIG_LINKS    = 
  CONFIG_COMMANDS = 
  $ ./config.status 

on vvasukigd1.sbo.corp.google.com

config.status:1173: creating Makefile
config.status:1173: creating src/Makefile
config.status:1173: creating config.h
config.status:1354: config.h is unchanged
config.status:1402: executing depfiles commands
config.status:1402: executing libtool commands

## ---------------- ##
## Cache variables. ##
## ---------------- ##

ac_cv_build=x86_64-unknown-linux-gnu
ac_cv_c_compiler_gnu=yes
ac_cv_cxx_compiler_gnu=yes
ac_cv_env_CCC_set=
ac_cv_env_CCC_value=
ac_cv_env_CC_set=
ac_cv_env_CC_value=
ac_cv_env_CFLAGS_set=
ac_cv_env_CFLAGS_value=
ac_cv_env_CPPFLAGS_set=
ac_cv_env_CPPFLAGS_value=
ac_cv_env_CPP_set=
ac_cv_env_CPP_value=
ac_cv_env_CXXCPP_set=
ac_cv_env_CXXCPP_value=
ac_cv_env_CXXFLAGS_set=
ac_cv_env_CXXFLAGS_value=
ac_cv_env_CXX_set=
ac_cv_env_CXX_value=
ac_cv_env_DSL2DICT_CFLAGS_set=
ac_cv_env_DSL2DICT_CFLAGS_value=
ac_cv_env_DSL2DICT_LIBS_set=
ac_cv_env_DSL2DICT_LIBS_value=
ac_cv_env_LDFLAGS_set=
ac_cv_env_LDFLAGS_value=
ac_cv_env_LIBS_set=
ac_cv_env_LIBS_value=
ac_cv_env_LIBXML_CFLAGS_set=
ac_cv_env_LIBXML_CFLAGS_value=
ac_cv_env_LIBXML_LIBS_set=
ac_cv_env_LIBXML_LIBS_value=
ac_cv_env_PKG_CONFIG_LIBDIR_set=
ac_cv_env_PKG_CONFIG_LIBDIR_value=
ac_cv_env_PKG_CONFIG_PATH_set=
ac_cv_env_PKG_CONFIG_PATH_value=
ac_cv_env_PKG_CONFIG_set=
ac_cv_env_PKG_CONFIG_value=
ac_cv_env_STARDICT_CFLAGS_set=
ac_cv_env_STARDICT_CFLAGS_value=
ac_cv_env_STARDICT_LIBS_set=
ac_cv_env_STARDICT_LIBS_value=
ac_cv_env_build_alias_set=
ac_cv_env_build_alias_value=
ac_cv_env_host_alias_set=
ac_cv_env_host_alias_value=
ac_cv_env_target_alias_set=
ac_cv_env_target_alias_value=
ac_cv_func_getline=yes
ac_cv_func_mempcpy=yes
ac_cv_header_dlfcn_h=yes
ac_cv_header_inttypes_h=yes
ac_cv_header_memory_h=yes
ac_cv_header_stdc=yes
ac_cv_header_stdint_h=yes
ac_cv_header_stdlib_h=yes
ac_cv_header_string_h=yes
ac_cv_header_strings_h=yes
ac_cv_header_sys_stat_h=yes
ac_cv_header_sys_types_h=yes
ac_cv_header_unistd_h=yes
ac_cv_host=x86_64-unknown-linux-gnu
ac_cv_objext=o
ac_cv_path_EGREP='/bin/grep -E'
ac_cv_path_FGREP='/bin/grep -F'
ac_cv_path_GREP=/bin/grep
ac_cv_path_MYSQLCONFIG=/usr/bin/mysql_config
ac_cv_path_SED=/bin/sed
ac_cv_path_ac_pt_PKG_CONFIG=/usr/bin/pkg-config
ac_cv_path_install='/usr/bin/install -c'
ac_cv_path_mkdir=/bin/mkdir
ac_cv_prog_AWK=gawk
ac_cv_prog_CPP='gcc -E'
ac_cv_prog_CXXCPP='g++ -E'
ac_cv_prog_ac_ct_AR=ar
ac_cv_prog_ac_ct_CC=gcc
ac_cv_prog_ac_ct_CXX=g++
ac_cv_prog_ac_ct_MANIFEST_TOOL=mt
ac_cv_prog_ac_ct_OBJDUMP=objdump
ac_cv_prog_ac_ct_RANLIB=ranlib
ac_cv_prog_ac_ct_STRIP=strip
ac_cv_prog_cc_c89=
ac_cv_prog_cc_g=yes
ac_cv_prog_cxx_g=yes
ac_cv_prog_make_make_set=yes
acl_cv_hardcode_direct=no
acl_cv_hardcode_libdir_flag_spec='${wl}-rpath ${wl}$libdir'
acl_cv_hardcode_libdir_separator=
acl_cv_hardcode_minus_L=no
acl_cv_libext=a
acl_cv_path_LD='/usr/bin/ld -m elf_x86_64'
acl_cv_prog_gnu_ld=yes
acl_cv_rpath=done
acl_cv_shlibext=so
acl_cv_wl=-Wl,
am_cv_CC_dependencies_compiler_type=gcc3
am_cv_CXX_dependencies_compiler_type=gcc3
am_cv_func_iconv=yes
am_cv_func_iconv_works=yes
am_cv_lib_iconv=no
am_cv_make_support_nested_variables=yes
am_cv_prog_tar_ustar=gnutar
am_cv_proto_iconv='extern size_t iconv (iconv_t cd, char * *inbuf, size_t *inbytesleft, char * *outbuf, size_t *outbytesleft);'
am_cv_proto_iconv_arg1=
lt_cv_ar_at_file=@
lt_cv_archive_cmds_need_lc=no
lt_cv_deplibs_check_method=pass_all
lt_cv_file_magic_cmd='$MAGIC_CMD'
lt_cv_file_magic_test_file=
lt_cv_ld_reload_flag=-r
lt_cv_nm_interface='BSD nm'
lt_cv_objdir=.libs
lt_cv_path_LD=/usr/bin/ld
lt_cv_path_LDCXX='/usr/bin/ld -m elf_x86_64'
lt_cv_path_NM='/usr/bin/nm -B'
lt_cv_path_mainfest_tool=no
lt_cv_prog_compiler_c_o=yes
lt_cv_prog_compiler_c_o_CXX=yes
lt_cv_prog_compiler_pic='-fPIC -DPIC'
lt_cv_prog_compiler_pic_CXX='-fPIC -DPIC'
lt_cv_prog_compiler_pic_works=yes
lt_cv_prog_compiler_pic_works_CXX=yes
lt_cv_prog_compiler_rtti_exceptions=no
lt_cv_prog_compiler_static_works=yes
lt_cv_prog_compiler_static_works_CXX=yes
lt_cv_prog_gnu_ld=yes
lt_cv_prog_gnu_ldcxx=yes
lt_cv_sharedlib_from_linklib_cmd='printf %s\n'
lt_cv_shlibpath_overrides_runpath=no
lt_cv_sys_global_symbol_pipe='sed -n -e '\''s/^.*[	 ]\([ABCDGIRSTW][ABCDGIRSTW]*\)[	 ][	 ]*\([_A-Za-z][_A-Za-z0-9]*\)$/\1 \2 \2/p'\'' | sed '\''/ __gnu_lto/d'\'''
lt_cv_sys_global_symbol_to_c_name_address='sed -n -e '\''s/^: \([^ ]*\)[ ]*$/  {\"\1\", (void *) 0},/p'\'' -e '\''s/^[ABCDGIRSTW]* \([^ ]*\) \([^ ]*\)$/  {"\2", (void *) \&\2},/p'\'''
lt_cv_sys_global_symbol_to_c_name_address_lib_prefix='sed -n -e '\''s/^: \([^ ]*\)[ ]*$/  {\"\1\", (void *) 0},/p'\'' -e '\''s/^[ABCDGIRSTW]* \([^ ]*\) \(lib[^ ]*\)$/  {"\2", (void *) \&\2},/p'\'' -e '\''s/^[ABCDGIRSTW]* \([^ ]*\) \([^ ]*\)$/  {"lib\2", (void *) \&\2},/p'\'''
lt_cv_sys_global_symbol_to_cdecl='sed -n -e '\''s/^T .* \(.*\)$/extern int \1();/p'\'' -e '\''s/^[ABCDGIRSTW]* .* \(.*\)$/extern char \1;/p'\'''
lt_cv_sys_max_cmd_len=1572864
lt_cv_to_host_file_cmd=func_convert_file_noop
lt_cv_to_tool_file_cmd=func_convert_file_noop
pkg_cv_DSL2DICT_CFLAGS=' '
pkg_cv_DSL2DICT_LIBS='-lpcre  '
pkg_cv_LIBXML_CFLAGS='-I/usr/include/libxml2  '
pkg_cv_LIBXML_LIBS='-lxml2  '
pkg_cv_STARDICT_CFLAGS='-pthread -I/usr/include/gtk-2.0 -I/usr/lib/x86_64-linux-gnu/gtk-2.0/include -I/usr/include/atk-1.0 -I/usr/include/cairo -I/usr/include/gdk-pixbuf-2.0 -I/usr/include/pango-1.0 -I/usr/include/gio-unix-2.0/ -I/usr/include/freetype2 -I/usr/include/glib-2.0 -I/usr/lib/x86_64-linux-gnu/glib-2.0/include -I/usr/include/pixman-1 -I/usr/include/libpng12 -I/usr/include/harfbuzz  '
pkg_cv_STARDICT_LIBS='-lgtk-x11-2.0 -lgdk-x11-2.0 -latk-1.0 -lpangoft2-1.0 -lpangocairo-1.0 -lgdk_pixbuf-2.0 -lcairo -lpango-1.0 -lfontconfig -lfreetype -lz -lgio-2.0 -lgobject-2.0 -lglib-2.0  '

## ----------------- ##
## Output variables. ##
## ----------------- ##

ACLOCAL='${SHELL} /usr/local/google/home/vvasuki/Downloads/stardict-3.0.5/tools/missing aclocal-1.13'
AMDEPBACKSLASH='\'
AMDEP_FALSE='#'
AMDEP_TRUE=''
AMTAR='$${TAR-tar}'
AM_BACKSLASH='\'
AM_DEFAULT_V='$(AM_DEFAULT_VERBOSITY)'
AM_DEFAULT_VERBOSITY='1'
AM_V='$(V)'
AR='ar'
AUTOCONF='${SHELL} /usr/local/google/home/vvasuki/Downloads/stardict-3.0.5/tools/missing autoconf'
AUTOHEADER='${SHELL} /usr/local/google/home/vvasuki/Downloads/stardict-3.0.5/tools/missing autoheader'
AUTOMAKE='${SHELL} /usr/local/google/home/vvasuki/Downloads/stardict-3.0.5/tools/missing automake-1.13'
AWK='gawk'
CC='gcc'
CCDEPMODE='depmode=gcc3'
CFLAGS='-g -O2'
COMMONLIB_INCLUDE_DIR='../lib/src'
COMMONLIB_LIBRARY='../lib/src/libcommon.la'
CPP='gcc -E'
CPPFLAGS=''
CXX='g++'
CXXCPP='g++ -E'
CXXDEPMODE='depmode=gcc3'
CXXFLAGS='-g -O2'
CYGPATH_W='echo'
DEFS='-DHAVE_CONFIG_H'
DEPDIR='.deps'
DLLTOOL='false'
DSL2DICT_CFLAGS=' '
DSL2DICT_LIBS='-lpcre  '
DSYMUTIL=''
DUMPBIN=''
ECHO_C=''
ECHO_N='-n'
ECHO_T=''
EGREP='/bin/grep -E'
EXEEXT=''
FGREP='/bin/grep -F'
GREP='/bin/grep'
INSTALL_DATA='${INSTALL} -m 644'
INSTALL_PROGRAM='${INSTALL}'
INSTALL_SCRIPT='${INSTALL}'
INSTALL_STRIP_PROGRAM='$(install_sh) -c -s'
LD='/usr/bin/ld -m elf_x86_64'
LDFLAGS=''
LFS_CFLAGS=''
LFS_LDFLAGS=''
LFS_LIBS=''
LIBICONV=''
LIBOBJS=''
LIBS=''
LIBTOOL='$(SHELL) $(top_builddir)/libtool'
LIBXML_CFLAGS='-I/usr/include/libxml2  '
LIBXML_LIBS='-lxml2  '
LIPO=''
LN_S='ln -s'
LTLIBICONV=''
LTLIBOBJS=''
MAKEINFO='${SHELL} /usr/local/google/home/vvasuki/Downloads/stardict-3.0.5/tools/missing makeinfo'
MANIFEST_TOOL=':'
MKDIR_P='/bin/mkdir -p'
MYSQLCONFIG='/usr/bin/mysql_config'
MYSQL_CFLAGS='-I/usr/include/mysql -DBIG_JOINS=1  -fno-strict-aliasing   -g -DNDEBUG'
MYSQL_INCLUDES='-I/usr/include/mysql'
MYSQL_LIBS='-L/usr/lib/x86_64-linux-gnu -lmysqlclient_r -lpthread -lz -lm -ldl'
NM='/usr/bin/nm -B'
NMEDIT=''
OBJDUMP='objdump'
OBJEXT='o'
OTOOL64=''
OTOOL=''
PACKAGE='stardict-tools'
PACKAGE_BUGREPORT='http://www.stardict.org'
PACKAGE_NAME='StarDict tools'
PACKAGE_STRING='StarDict tools 3.0.5'
PACKAGE_TARNAME='stardict-tools'
PACKAGE_URL=''
PACKAGE_VERSION='3.0.5'
PATH_SEPARATOR=':'
PKG_CONFIG='/usr/bin/pkg-config'
PKG_CONFIG_LIBDIR=''
PKG_CONFIG_PATH=''
RANLIB='ranlib'
SED='/bin/sed'
SET_MAKE=''
SHELL='/bin/sh'
STARDICT_CFLAGS='-Wall -pthread -I/usr/include/gtk-2.0 -I/usr/lib/x86_64-linux-gnu/gtk-2.0/include -I/usr/include/atk-1.0 -I/usr/include/cairo -I/usr/include/gdk-pixbuf-2.0 -I/usr/include/pango-1.0 -I/usr/include/gio-unix-2.0/ -I/usr/include/freetype2 -I/usr/include/glib-2.0 -I/usr/lib/x86_64-linux-gnu/glib-2.0/include -I/usr/include/pixman-1 -I/usr/include/libpng12 -I/usr/include/harfbuzz  '
STARDICT_LIBS='-lgtk-x11-2.0 -lgdk-x11-2.0 -latk-1.0 -lpangoft2-1.0 -lpangocairo-1.0 -lgdk_pixbuf-2.0 -lcairo -lpango-1.0 -lfontconfig -lfreetype -lz -lgio-2.0 -lgobject-2.0 -lglib-2.0  '
STRIP='strip'
VERSION='3.0.5'
ac_ct_AR='ar'
ac_ct_CC='gcc'
ac_ct_CXX='g++'
ac_ct_DUMPBIN=''
am__EXEEXT_FALSE=''
am__EXEEXT_TRUE='#'
am__fastdepCC_FALSE='#'
am__fastdepCC_TRUE=''
am__fastdepCXX_FALSE='#'
am__fastdepCXX_TRUE=''
am__include='include'
am__isrc=''
am__leading_dot='.'
am__nodep='_no'
am__quote=''
am__tar='tar --format=ustar -chf - "$$tardir"'
am__untar='tar -xf -'
bindir='${exec_prefix}/bin'
build='x86_64-unknown-linux-gnu'
build_alias=''
build_cpu='x86_64'
build_os='linux-gnu'
build_vendor='unknown'
datadir='${datarootdir}'
datarootdir='${prefix}/share'
docdir='${datarootdir}/doc/${PACKAGE_TARNAME}'
dvidir='${docdir}'
exec_prefix='${prefix}'
host='x86_64-unknown-linux-gnu'
host_alias=''
host_cpu='x86_64'
host_os='linux-gnu'
host_vendor='unknown'
htmldir='${docdir}'
includedir='${prefix}/include'
infodir='${datarootdir}/info'
install_sh='${SHELL} /usr/local/google/home/vvasuki/Downloads/stardict-3.0.5/tools/install-sh'
libdir='${exec_prefix}/lib'
libexecdir='${exec_prefix}/libexec'
localedir='${datarootdir}/locale'
localstatedir='${prefix}/var'
mandir='${datarootdir}/man'
mkdir_p='$(MKDIR_P)'
oldincludedir='/usr/include'
pdfdir='${docdir}'
prefix='/usr/local'
program_transform_name='s,x,x,'
psdir='${docdir}'
sbindir='${exec_prefix}/sbin'
sharedstatedir='${prefix}/com'
sysconfdir='${prefix}/etc'
target_alias=''

## ----------- ##
## confdefs.h. ##
## ----------- ##

/* confdefs.h */
#define PACKAGE_NAME "StarDict tools"
#define PACKAGE_TARNAME "stardict-tools"
#define PACKAGE_VERSION "3.0.5"
#define PACKAGE_STRING "StarDict tools 3.0.5"
#define PACKAGE_BUGREPORT "http://www.stardict.org"
#define PACKAGE_URL ""
#define PACKAGE "stardict-tools"
#define VERSION "3.0.5"
#define STDC_HEADERS 1
#define HAVE_SYS_TYPES_H 1
#define HAVE_SYS_STAT_H 1
#define HAVE_STDLIB_H 1
#define HAVE_STRING_H 1
#define HAVE_MEMORY_H 1
#define HAVE_STRINGS_H 1
#define HAVE_INTTYPES_H 1
#define HAVE_STDINT_H 1
#define HAVE_UNISTD_H 1
#define HAVE_DLFCN_H 1
#define LT_OBJDIR ".libs/"
#define STDC_HEADERS 1
#define HAVE_STDLIB_H 1
#define HAVE_GETLINE 1
#define HAVE_MEMPCPY 1
#define HAVE_ICONV 1
#define ICONV_CONST 

configure: exit 0
